Using pre-set license
Built from '2020.3/staging' branch; Version is '2020.3.0f1 (c7b5465681fb) revision 13088070'; Using compiler version '192528614'; Build Type 'Release'
OS: 'Windows 10 Home; OS build 19041.867; Version 2004; 64bit' Language: 'de' Physical Memory: 8127 MB
BatchMode: 1, IsHumanControllingUs: 0, StartBugReporterOnCrash: 0, Is64bit: 1, IsPro: 0

 COMMAND LINE ARGUMENTS:
C:\Program Files\Unity\Hub\Editor\2020.3.0f1\Editor\Unity.exe
-adb2
-batchMode
-noUpm
-name
AssetImportWorker1
-projectPath
D:/DB_Game/DB_BuildingGame/Versuch 1
-logFile
Logs/AssetImportWorker1.log
-srvPort
51062
Successfully changed project path to: D:/DB_Game/DB_BuildingGame/Versuch 1
D:/DB_Game/DB_BuildingGame/Versuch 1
Using Asset Import Pipeline V2.
Refreshing native plugins compatible for Editor in 63.50 ms, found 0 plugins.
Preloading 0 native plugins for Editor in 0.00 ms.
Initialize engine version: 2020.3.0f1 (c7b5465681fb)
[Subsystems] Discovering subsystems at path C:/Program Files/Unity/Hub/Editor/2020.3.0f1/Editor/Data/Resources/UnitySubsystems
[Subsystems] Discovering subsystems at path D:/DB_Game/DB_BuildingGame/Versuch 1/Assets
GfxDevice: creating device client; threaded=0
Direct3D:
    Version:  Direct3D 11.0 [level 11.1]
    Renderer: NVIDIA GeForce GTX 960 (ID=0x1401)
    Vendor:   
    VRAM:     2007 MB
    Driver:   27.21.14.5749
Shader 'Universal Render Pipeline/Particles/Lit': fallback shader 'Universal Render Pipeline/Particles/SimpleLit' not found
Initialize mono
Mono path[0] = 'C:/Program Files/Unity/Hub/Editor/2020.3.0f1/Editor/Data/Managed'
Mono path[1] = 'C:/Program Files/Unity/Hub/Editor/2020.3.0f1/Editor/Data/MonoBleedingEdge/lib/mono/unityjit'
Mono config path = 'C:/Program Files/Unity/Hub/Editor/2020.3.0f1/Editor/Data/MonoBleedingEdge/etc'
Using monoOptions --debugger-agent=transport=dt_socket,embedding=1,server=y,suspend=n,address=127.0.0.1:56820
Begin MonoManager ReloadAssembly
Registering precompiled unity dll's ...
Register platform support module: C:/Program Files/Unity/Hub/Editor/2020.3.0f1/Editor/Data/PlaybackEngines/WindowsStandaloneSupport/UnityEditor.WindowsStandalone.Extensions.dll
Registered in 0.002323 seconds.
Native extension for WindowsStandalone target not found
Refreshing native plugins compatible for Editor in 56.04 ms, found 0 plugins.
Preloading 0 native plugins for Editor in 0.00 ms.
Invoked RoslynAnalysisRunner static constructor.
RoslynAnalysisRunner will not be running.
RoslynAnalysisRunner has terminated.
Mono: successfully reloaded assembly
- Completed reload, in  2.425 seconds
Platform modules already initialized, skipping
Registering precompiled user dll's ...
Registered in 0.001427 seconds.
Begin MonoManager ReloadAssembly
Native extension for WindowsStandalone target not found
Refreshing native plugins compatible for Editor in 68.25 ms, found 0 plugins.
Preloading 0 native plugins for Editor in 0.00 ms.
Invoked RoslynAnalysisRunner static constructor.
RoslynAnalysisRunner will not be running.
RoslynAnalysisRunner has terminated.
Mono: successfully reloaded assembly
- Completed reload, in  1.297 seconds
Platform modules already initialized, skipping
========================================================================
Worker process is ready to serve import requests
Shader 'Universal Render Pipeline/Particles/Lit': fallback shader 'Universal Render Pipeline/Particles/SimpleLit' not found
Launched and connected shader compiler UnityShaderCompiler.exe after 0.09 seconds
Refreshing native plugins compatible for Editor in 0.63 ms, found 0 plugins.
Preloading 0 native plugins for Editor in 0.00 ms.
Unloading 2767 Unused Serialized files (Serialized files now loaded: 0)
System memory in use before: 124.7 MB.
System memory in use after: 124.9 MB.

Unloading 10 unused Assets to reduce memory usage. Loaded Objects now: 3214.
Total: 3.441300 ms (FindLiveObjects: 0.832200 ms CreateObjectMapping: 0.233800 ms MarkObjects: 2.262500 ms  DeleteObjects: 0.111400 ms)

========================================================================
Received Prepare
Shader 'Universal Render Pipeline/Particles/Lit': fallback shader 'Universal Render Pipeline/Particles/SimpleLit' not found
Refreshing native plugins compatible for Editor in 3.56 ms, found 0 plugins.
Preloading 0 native plugins for Editor in 0.00 ms.
Unloading 4 Unused Serialized files (Serialized files now loaded: 0)
System memory in use before: 64.9 MB.
System memory in use after: 65.1 MB.

Unloading 3 unused Assets to reduce memory usage. Loaded Objects now: 3214.
Total: 3.782500 ms (FindLiveObjects: 0.464900 ms CreateObjectMapping: 0.278300 ms MarkObjects: 2.997000 ms  DeleteObjects: 0.024400 ms)

========================================================================
Received Prepare
Registering precompiled user dll's ...
Registered in 0.001508 seconds.
Begin MonoManager ReloadAssembly
Native extension for WindowsStandalone target not found
Refreshing native plugins compatible for Editor in 0.61 ms, found 0 plugins.
Preloading 0 native plugins for Editor in 0.00 ms.
Invoked RoslynAnalysisRunner static constructor.
RoslynAnalysisRunner will not be running.
RoslynAnalysisRunner has terminated.
Mono: successfully reloaded assembly
- Completed reload, in  1.232 seconds
Platform modules already initialized, skipping
Switching build target platform(5) subTarget(0) extendedPlatform(0) -> platform(13) subTarget(537395200) extendedPlatform(0)
Shader 'Universal Render Pipeline/Particles/Lit': fallback shader 'Universal Render Pipeline/Particles/SimpleLit' not found
Refreshing native plugins compatible for Editor in 0.47 ms, found 0 plugins.
Preloading 0 native plugins for Editor in 0.00 ms.
Unloading 2677 Unused Serialized files (Serialized files now loaded: 0)
System memory in use before: 115.7 MB.
System memory in use after: 115.9 MB.

Unloading 5 unused Assets to reduce memory usage. Loaded Objects now: 3217.
Total: 3.022900 ms (FindLiveObjects: 0.336200 ms CreateObjectMapping: 0.132100 ms MarkObjects: 2.510900 ms  DeleteObjects: 0.042500 ms)

AssetImportParameters requested are different than current active one (requested -> active):
  custom:graphics/normal-map-encoding: 01000000000000000000000000000000 -> 02000000000000000000000000000000
========================================================================
Received Import Request.
  path: Assets/Skript/Gebäudeklassen/Mensch.cs
  artifactKey: Guid(3bc6057c7d9b44e4c90b1970c6ffb8de) Importer(815301076,1909f56bfc062723c751e8b465ee728b)
Start importing Assets/Skript/Gebäudeklassen/Mensch.cs using Guid(3bc6057c7d9b44e4c90b1970c6ffb8de) Importer(815301076,1909f56bfc062723c751e8b465ee728b)  -> (artifact id: '1e0b05cad6693480c06e5502fc73f71e') in 0.061149 seconds
  Import took 0.065990 seconds .

========================================================================
Received Prepare
Registering precompiled user dll's ...
Registered in 0.001316 seconds.
Begin MonoManager ReloadAssembly
Native extension for WindowsStandalone target not found
Refreshing native plugins compatible for Editor in 0.61 ms, found 0 plugins.
Preloading 0 native plugins for Editor in 0.00 ms.
Invoked RoslynAnalysisRunner static constructor.
RoslynAnalysisRunner will not be running.
RoslynAnalysisRunner has terminated.
Mono: successfully reloaded assembly
- Completed reload, in  1.221 seconds
Platform modules already initialized, skipping
Switching build target platform(5) subTarget(0) extendedPlatform(0) -> platform(13) subTarget(537395200) extendedPlatform(0)
Shader 'Universal Render Pipeline/Particles/Lit': fallback shader 'Universal Render Pipeline/Particles/SimpleLit' not found
Refreshing native plugins compatible for Editor in 0.55 ms, found 0 plugins.
Preloading 0 native plugins for Editor in 0.00 ms.
Unloading 2677 Unused Serialized files (Serialized files now loaded: 0)
System memory in use before: 115.8 MB.
System memory in use after: 116.0 MB.

Unloading 5 unused Assets to reduce memory usage. Loaded Objects now: 3220.
Total: 4.078800 ms (FindLiveObjects: 0.729600 ms CreateObjectMapping: 0.236500 ms MarkObjects: 3.091300 ms  DeleteObjects: 0.020000 ms)

AssetImportParameters requested are different than current active one (requested -> active):
  custom:graphics/normal-map-encoding: 01000000000000000000000000000000 -> 02000000000000000000000000000000
========================================================================
Received Import Request.
  Time since last request: 15.810631 seconds.
  path: Assets/Skript/Gebäudeklassen/Mensch.cs
  artifactKey: Guid(3bc6057c7d9b44e4c90b1970c6ffb8de) Importer(815301076,1909f56bfc062723c751e8b465ee728b)
Start importing Assets/Skript/Gebäudeklassen/Mensch.cs using Guid(3bc6057c7d9b44e4c90b1970c6ffb8de) Importer(815301076,1909f56bfc062723c751e8b465ee728b)  -> (artifact id: '1214b066d9e6a81b9d3e058d5dbb0c60') in 0.007243 seconds
  Import took 0.013054 seconds .

========================================================================
Received Prepare
Registering precompiled user dll's ...
Registered in 0.002272 seconds.
Begin MonoManager ReloadAssembly
Native extension for WindowsStandalone target not found
Refreshing native plugins compatible for Editor in 0.52 ms, found 0 plugins.
Preloading 0 native plugins for Editor in 0.00 ms.
Invoked RoslynAnalysisRunner static constructor.
RoslynAnalysisRunner will not be running.
RoslynAnalysisRunner has terminated.
Mono: successfully reloaded assembly
- Completed reload, in  1.365 seconds
Platform modules already initialized, skipping
Switching build target platform(5) subTarget(0) extendedPlatform(0) -> platform(13) subTarget(537395200) extendedPlatform(0)
Shader 'Universal Render Pipeline/Particles/Lit': fallback shader 'Universal Render Pipeline/Particles/SimpleLit' not found
Refreshing native plugins compatible for Editor in 0.49 ms, found 0 plugins.
Preloading 0 native plugins for Editor in 0.00 ms.
Unloading 2677 Unused Serialized files (Serialized files now loaded: 0)
System memory in use before: 115.8 MB.
System memory in use after: 116.0 MB.

Unloading 5 unused Assets to reduce memory usage. Loaded Objects now: 3223.
Total: 3.114300 ms (FindLiveObjects: 0.396700 ms CreateObjectMapping: 0.178700 ms MarkObjects: 2.515300 ms  DeleteObjects: 0.021900 ms)

AssetImportParameters requested are different than current active one (requested -> active):
  custom:graphics/normal-map-encoding: 01000000000000000000000000000000 -> 02000000000000000000000000000000
========================================================================
Received Import Request.
  Time since last request: 102.883957 seconds.
  path: Assets/Skript/Gebäudeklassen/Mensch.cs
  artifactKey: Guid(3bc6057c7d9b44e4c90b1970c6ffb8de) Importer(815301076,1909f56bfc062723c751e8b465ee728b)
Start importing Assets/Skript/Gebäudeklassen/Mensch.cs using Guid(3bc6057c7d9b44e4c90b1970c6ffb8de) Importer(815301076,1909f56bfc062723c751e8b465ee728b)  -> (artifact id: '56369ee70d6cf5f73f760f6669a205bc') in 0.008726 seconds
  Import took 0.014363 seconds .

========================================================================
Received Prepare
Registering precompiled user dll's ...
Registered in 0.129452 seconds.
Begin MonoManager ReloadAssembly
Native extension for WindowsStandalone target not found
Refreshing native plugins compatible for Editor in 1.79 ms, found 0 plugins.
Preloading 0 native plugins for Editor in 0.00 ms.
Invoked RoslynAnalysisRunner static constructor.
RoslynAnalysisRunner will not be running.
RoslynAnalysisRunner has terminated.
Mono: successfully reloaded assembly
- Completed reload, in  3.436 seconds
Platform modules already initialized, skipping
Switching build target platform(5) subTarget(0) extendedPlatform(0) -> platform(13) subTarget(537395200) extendedPlatform(0)
Shader 'Universal Render Pipeline/Particles/Lit': fallback shader 'Universal Render Pipeline/Particles/SimpleLit' not found
Refreshing native plugins compatible for Editor in 0.56 ms, found 0 plugins.
Preloading 0 native plugins for Editor in 0.00 ms.
Unloading 2677 Unused Serialized files (Serialized files now loaded: 0)
System memory in use before: 115.8 MB.
System memory in use after: 116.0 MB.

Unloading 5 unused Assets to reduce memory usage. Loaded Objects now: 3226.
Total: 2.873800 ms (FindLiveObjects: 0.323800 ms CreateObjectMapping: 0.256600 ms MarkObjects: 2.249500 ms  DeleteObjects: 0.042500 ms)

AssetImportParameters requested are different than current active one (requested -> active):
  custom:graphics/normal-map-encoding: 01000000000000000000000000000000 -> 02000000000000000000000000000000
========================================================================
Received Prepare
Registering precompiled user dll's ...
Registered in 0.001437 seconds.
Begin MonoManager ReloadAssembly
Native extension for WindowsStandalone target not found
Refreshing native plugins compatible for Editor in 0.52 ms, found 0 plugins.
Preloading 0 native plugins for Editor in 0.00 ms.
Invoked RoslynAnalysisRunner static constructor.
RoslynAnalysisRunner will not be running.
RoslynAnalysisRunner has terminated.
Mono: successfully reloaded assembly
- Completed reload, in  1.395 seconds
Platform modules already initialized, skipping
Switching build target platform(5) subTarget(0) extendedPlatform(0) -> platform(13) subTarget(537395200) extendedPlatform(0)
Shader 'Universal Render Pipeline/Particles/Lit': fallback shader 'Universal Render Pipeline/Particles/SimpleLit' not found
Refreshing native plugins compatible for Editor in 0.50 ms, found 0 plugins.
Preloading 0 native plugins for Editor in 0.00 ms.
Unloading 2677 Unused Serialized files (Serialized files now loaded: 0)
System memory in use before: 115.8 MB.
System memory in use after: 116.0 MB.

Unloading 5 unused Assets to reduce memory usage. Loaded Objects now: 3229.
Total: 2.463900 ms (FindLiveObjects: 0.353500 ms CreateObjectMapping: 0.157200 ms MarkObjects: 1.908400 ms  DeleteObjects: 0.043700 ms)

AssetImportParameters requested are different than current active one (requested -> active):
  custom:graphics/normal-map-encoding: 01000000000000000000000000000000 -> 02000000000000000000000000000000
========================================================================
Received Import Request.
  Time since last request: 310.017221 seconds.
  path: Assets/Skript/Gebäudeklassen/Mensch.cs
  artifactKey: Guid(3bc6057c7d9b44e4c90b1970c6ffb8de) Importer(815301076,1909f56bfc062723c751e8b465ee728b)
Start importing Assets/Skript/Gebäudeklassen/Mensch.cs using Guid(3bc6057c7d9b44e4c90b1970c6ffb8de) Importer(815301076,1909f56bfc062723c751e8b465ee728b)  -> (artifact id: '4259037dde4cfdb2b8aa4f72ac6831a7') in 0.007888 seconds
  Import took 0.013687 seconds .

========================================================================
Received Import Request.
  Time since last request: 101.171543 seconds.
  path: Assets/Images/Icons/Wohncontainer.png
  artifactKey: Guid(6be5caad15ca48349a866dcaac154a54) Importer(815301076,1909f56bfc062723c751e8b465ee728b)
Start importing Assets/Images/Icons/Wohncontainer.png using Guid(6be5caad15ca48349a866dcaac154a54) Importer(815301076,1909f56bfc062723c751e8b465ee728b)  -> (artifact id: 'a421686a22df5000cb07cb8f0ebe55af') in 0.439063 seconds
  Import took 0.445269 seconds .

========================================================================
Received Import Request.
  Time since last request: 2.223284 seconds.
  path: Assets/Images/Gebäudeinfo/Wohncontainer/Weide.png
  artifactKey: Guid(60b9cc953726ffb4096e0d809e47bbdb) Importer(815301076,1909f56bfc062723c751e8b465ee728b)
Start importing Assets/Images/Gebäudeinfo/Wohncontainer/Weide.png using Guid(60b9cc953726ffb4096e0d809e47bbdb) Importer(815301076,1909f56bfc062723c751e8b465ee728b)  -> (artifact id: '2afa28fb75ca45d51ee12cf4700daf4c') in 0.059594 seconds
  Import took 0.066171 seconds .

========================================================================
Received Import Request.
  Time since last request: 0.000340 seconds.
  path: Assets/Images/ER-Editor/Textbox_leer.png
  artifactKey: Guid(b5957f4371606454c934ff2662901d91) Importer(815301076,1909f56bfc062723c751e8b465ee728b)
Start importing Assets/Images/ER-Editor/Textbox_leer.png using Guid(b5957f4371606454c934ff2662901d91) Importer(815301076,1909f56bfc062723c751e8b465ee728b)  -> (artifact id: '2ca09a2d53bbd72b35052763c731f7e0') in 0.069742 seconds
  Import took 0.075319 seconds .

========================================================================
Received Import Request.
  Time since last request: 0.000272 seconds.
  path: Assets/Images/Icons/Weidesphaere.png
  artifactKey: Guid(c17b17227f0d06d41ae9c2ce217aa60d) Importer(815301076,1909f56bfc062723c751e8b465ee728b)
Start importing Assets/Images/Icons/Weidesphaere.png using Guid(c17b17227f0d06d41ae9c2ce217aa60d) Importer(815301076,1909f56bfc062723c751e8b465ee728b)  -> (artifact id: 'a09de3679637d784a5a59d5323d09920') in 0.065072 seconds
  Import took 0.070431 seconds .

========================================================================
Received Import Request.
  Time since last request: 0.000388 seconds.
  path: Assets/Images/Gebäudeinfo/Stallconatiner/Tiere_alle.png
  artifactKey: Guid(a1fa1eb0db33a2540bcf2a49505f3bd4) Importer(815301076,1909f56bfc062723c751e8b465ee728b)
Start importing Assets/Images/Gebäudeinfo/Stallconatiner/Tiere_alle.png using Guid(a1fa1eb0db33a2540bcf2a49505f3bd4) Importer(815301076,1909f56bfc062723c751e8b465ee728b)  -> (artifact id: '6c04afc9bf1e4b49f5d2ad3b42ad2552') in 0.052155 seconds
  Import took 0.057714 seconds .

========================================================================
Received Import Request.
  Time since last request: 0.043282 seconds.
  path: Assets/Images/Gebäudeinfo/Forschungsstation/Tabelle_Projekt_leer.png
  artifactKey: Guid(2c6046e04443b9546b8523ce2357517d) Importer(815301076,1909f56bfc062723c751e8b465ee728b)
Start importing Assets/Images/Gebäudeinfo/Forschungsstation/Tabelle_Projekt_leer.png using Guid(2c6046e04443b9546b8523ce2357517d) Importer(815301076,1909f56bfc062723c751e8b465ee728b)  -> (artifact id: '7fb67da4b75b25822c8a0ad782c60573') in 0.048412 seconds
  Import took 0.056284 seconds .

========================================================================
Received Import Request.
  Time since last request: 0.000208 seconds.
  path: Assets/Images/Gebäudeinfo/Wohncontainer/Tabelle_leer.png
  artifactKey: Guid(b043a7cfdd3660f429c93d8cdb380485) Importer(815301076,1909f56bfc062723c751e8b465ee728b)
Start importing Assets/Images/Gebäudeinfo/Wohncontainer/Tabelle_leer.png using Guid(b043a7cfdd3660f429c93d8cdb380485) Importer(815301076,1909f56bfc062723c751e8b465ee728b)  -> (artifact id: 'c39f7c4e259c0e41f72d212fd28523b5') in 0.058663 seconds
  Import took 0.066051 seconds .

========================================================================
Received Import Request.
  Time since last request: 0.000195 seconds.
  path: Assets/Images/Gebäudeinfo/Stallconatiner/Tabelle_leer.png
  artifactKey: Guid(817088e544f823847869104634781b69) Importer(815301076,1909f56bfc062723c751e8b465ee728b)
Start importing Assets/Images/Gebäudeinfo/Stallconatiner/Tabelle_leer.png using Guid(817088e544f823847869104634781b69) Importer(815301076,1909f56bfc062723c751e8b465ee728b)  -> (artifact id: '1c269afa0a7936fdced87d596e8c3053') in 0.060354 seconds
  Import took 0.065713 seconds .

========================================================================
Received Import Request.
  Time since last request: 0.000217 seconds.
  path: Assets/Images/Gebäudeinfo/Forschungsstation/Tabelle_Station_leer 1.png
  artifactKey: Guid(1866f216542931846a485fb5c62801d9) Importer(815301076,1909f56bfc062723c751e8b465ee728b)
Start importing Assets/Images/Gebäudeinfo/Forschungsstation/Tabelle_Station_leer 1.png using Guid(1866f216542931846a485fb5c62801d9) Importer(815301076,1909f56bfc062723c751e8b465ee728b)  -> (artifact id: '4f519d5ca3e5422c58e7f52a6d924536') in 0.054341 seconds
  Import took 0.060289 seconds .

========================================================================
Received Import Request.
  Time since last request: 0.000246 seconds.
  path: Assets/Images/Gebäudeinfo/Feld/Tabelle_leer.png
  artifactKey: Guid(e830434ba0428b9498fa5a7746a73451) Importer(815301076,1909f56bfc062723c751e8b465ee728b)
Start importing Assets/Images/Gebäudeinfo/Feld/Tabelle_leer.png using Guid(e830434ba0428b9498fa5a7746a73451) Importer(815301076,1909f56bfc062723c751e8b465ee728b)  -> (artifact id: 'a788d7f50f187c63695f188f8cea563d') in 0.063224 seconds
  Import took 0.070022 seconds .

========================================================================
Received Import Request.
  Time since last request: 0.000190 seconds.
  path: Assets/Images/Gebäudeinfo/Forschungsstation/Tabelle_Projekt.png
  artifactKey: Guid(30ddb2339d8d0794db54f12fc13f0251) Importer(815301076,1909f56bfc062723c751e8b465ee728b)
Start importing Assets/Images/Gebäudeinfo/Forschungsstation/Tabelle_Projekt.png using Guid(30ddb2339d8d0794db54f12fc13f0251) Importer(815301076,1909f56bfc062723c751e8b465ee728b)  -> (artifact id: '22534b4fdb76ac3194b44c9088b45564') in 0.077627 seconds
  Import took 0.278234 seconds .

========================================================================
Received Import Request.
  Time since last request: 0.000102 seconds.
  path: Assets/Images/Gebäudeinfo/Stallconatiner/Schwein.png
  artifactKey: Guid(cf20a80128332544292bc761c608b648) Importer(815301076,1909f56bfc062723c751e8b465ee728b)
Start importing Assets/Images/Gebäudeinfo/Stallconatiner/Schwein.png using Guid(cf20a80128332544292bc761c608b648) Importer(815301076,1909f56bfc062723c751e8b465ee728b)  -> (artifact id: '6c470d6e6c9e597c3729b8e1a53f2fe6') in 0.052879 seconds
  Import took 0.059273 seconds .

========================================================================
Received Import Request.
  Time since last request: 0.000289 seconds.
  path: Assets/Images/ER-Editor/Relationship_leer 1.png
  artifactKey: Guid(11c0f77907641f64d9b7c87b1cf71bed) Importer(815301076,1909f56bfc062723c751e8b465ee728b)
Start importing Assets/Images/ER-Editor/Relationship_leer 1.png using Guid(11c0f77907641f64d9b7c87b1cf71bed) Importer(815301076,1909f56bfc062723c751e8b465ee728b)  -> (artifact id: 'f2c86372dfbe35ce24b670c219ea49e5') in 0.055829 seconds
  Import took 0.067213 seconds .

========================================================================
Received Import Request.
  Time since last request: 0.000261 seconds.
  path: Assets/Images/Gebäudeinfo/Stallconatiner/Schaf.png
  artifactKey: Guid(ab67be617b600f745a1d4de30eaec6ce) Importer(815301076,1909f56bfc062723c751e8b465ee728b)
Start importing Assets/Images/Gebäudeinfo/Stallconatiner/Schaf.png using Guid(ab67be617b600f745a1d4de30eaec6ce) Importer(815301076,1909f56bfc062723c751e8b465ee728b)  -> (artifact id: 'd7db10c7dc37fca147be8a23b88e886a') in 0.058569 seconds
  Import took 0.068509 seconds .

========================================================================
Received Import Request.
  Time since last request: 0.000053 seconds.
  path: Assets/Images/Icons/Stallcontainer.png
  artifactKey: Guid(0e2dc9b06670a7c4bba3f44261760b0d) Importer(815301076,1909f56bfc062723c751e8b465ee728b)
Start importing Assets/Images/Icons/Stallcontainer.png using Guid(0e2dc9b06670a7c4bba3f44261760b0d) Importer(815301076,1909f56bfc062723c751e8b465ee728b)  -> (artifact id: '1dc361d90a31031934021e19dd7bbfc5') in 0.072340 seconds
  Import took 0.077697 seconds .

========================================================================
Received Import Request.
  Time since last request: 0.000237 seconds.
  path: Assets/Images/Prefabs/Prefab_schRela.png
  artifactKey: Guid(c7a0fc6a779aff1409899ee637eab7bf) Importer(815301076,1909f56bfc062723c751e8b465ee728b)
Start importing Assets/Images/Prefabs/Prefab_schRela.png using Guid(c7a0fc6a779aff1409899ee637eab7bf) Importer(815301076,1909f56bfc062723c751e8b465ee728b)  -> (artifact id: '85c7799c04b23d2959d482a9919ed11b') in 0.057178 seconds
  Import took 0.062842 seconds .

========================================================================
Received Import Request.
  Time since last request: 0.000220 seconds.
  path: Assets/Images/Prefabs/Prefab_schwEntität_selected.png
  artifactKey: Guid(a0e76b41ffc740645ab49ef8455614ad) Importer(815301076,1909f56bfc062723c751e8b465ee728b)
Start importing Assets/Images/Prefabs/Prefab_schwEntität_selected.png using Guid(a0e76b41ffc740645ab49ef8455614ad) Importer(815301076,1909f56bfc062723c751e8b465ee728b)  -> (artifact id: 'be72a4b24baa391b39c7eb0c7542e97a') in 0.052774 seconds
  Import took 0.059666 seconds .

========================================================================
Received Import Request.
  Time since last request: 0.000196 seconds.
  path: Assets/Images/Leisten/Statusleiste.png
  artifactKey: Guid(21c668624d626a44394c19d6b33ee304) Importer(815301076,1909f56bfc062723c751e8b465ee728b)
Start importing Assets/Images/Leisten/Statusleiste.png using Guid(21c668624d626a44394c19d6b33ee304) Importer(815301076,1909f56bfc062723c751e8b465ee728b)  -> (artifact id: '5e2a6ef90de26f0441b4b84e6a4c1b79') in 0.076649 seconds
  Import took 0.081995 seconds .

========================================================================
Received Import Request.
  Time since last request: 0.000205 seconds.
  path: Assets/Images/Prefabs/Prefab_schwEntität.png
  artifactKey: Guid(170001f73eb248a41a6661815a5823bc) Importer(815301076,1909f56bfc062723c751e8b465ee728b)
Start importing Assets/Images/Prefabs/Prefab_schwEntität.png using Guid(170001f73eb248a41a6661815a5823bc) Importer(815301076,1909f56bfc062723c751e8b465ee728b)  -> (artifact id: '866b5605f59d713fc02caea72f04a857') in 0.068230 seconds
  Import took 0.073774 seconds .

========================================================================
Received Import Request.
  Time since last request: 0.000298 seconds.
  path: Assets/Images/Prefabs/Prefab_schRela_selected.png
  artifactKey: Guid(a01052f6e2c56d1499b2b13c9964366c) Importer(815301076,1909f56bfc062723c751e8b465ee728b)
Start importing Assets/Images/Prefabs/Prefab_schRela_selected.png using Guid(a01052f6e2c56d1499b2b13c9964366c) Importer(815301076,1909f56bfc062723c751e8b465ee728b)  -> (artifact id: '89fa3c8ba9ac85c3f22924560275d938') in 0.049444 seconds
  Import took 0.086574 seconds .

========================================================================
Received Import Request.
  Time since last request: 0.000079 seconds.
  path: Assets/Images/Prefabs/Prefab_Entität.png
  artifactKey: Guid(52db94fa66475fe459feb59b21d98d8e) Importer(815301076,1909f56bfc062723c751e8b465ee728b)
Start importing Assets/Images/Prefabs/Prefab_Entität.png using Guid(52db94fa66475fe459feb59b21d98d8e) Importer(815301076,1909f56bfc062723c751e8b465ee728b)  -> (artifact id: '3fc3f3a1b38a29e49d072a6ef99a5a5c') in 0.091076 seconds
  Import took 0.103281 seconds .

========================================================================
Received Import Request.
  Time since last request: 0.000224 seconds.
  path: Assets/Images/Prefabs/Prefab_Attribut_selected.png
  artifactKey: Guid(62bd8644c3620de498770ae7db31b04d) Importer(815301076,1909f56bfc062723c751e8b465ee728b)
Start importing Assets/Images/Prefabs/Prefab_Attribut_selected.png using Guid(62bd8644c3620de498770ae7db31b04d) Importer(815301076,1909f56bfc062723c751e8b465ee728b)  -> (artifact id: '943605d4f3d74f68b460dd09a3acc1bb') in 0.085714 seconds
  Import took 0.094801 seconds .

========================================================================
Received Import Request.
  Time since last request: 0.000223 seconds.
  path: Assets/Images/Gebäudeinfo/Stallconatiner/Münzen.png
  artifactKey: Guid(8dceb3655df078b49bdc1b361c646757) Importer(815301076,1909f56bfc062723c751e8b465ee728b)
Start importing Assets/Images/Gebäudeinfo/Stallconatiner/Münzen.png using Guid(8dceb3655df078b49bdc1b361c646757) Importer(815301076,1909f56bfc062723c751e8b465ee728b)  -> (artifact id: 'bf2e5090cb0d8e9bc23d903f2db1bcd0') in 0.104697 seconds
  Import took 0.118951 seconds .

========================================================================
Received Import Request.
  Time since last request: 0.000220 seconds.
  path: Assets/Images/Gebäudeinfo/Wohncontainer/Münzen.png
  artifactKey: Guid(a0244acc4429bea4380c8245839f88e2) Importer(815301076,1909f56bfc062723c751e8b465ee728b)
Start importing Assets/Images/Gebäudeinfo/Wohncontainer/Münzen.png using Guid(a0244acc4429bea4380c8245839f88e2) Importer(815301076,1909f56bfc062723c751e8b465ee728b)  -> (artifact id: 'd066cb04d89bd9be5ff485dba624397b') in 0.060306 seconds
  Import took 0.066157 seconds .

========================================================================
Received Import Request.
  Time since last request: 0.000233 seconds.
  path: Assets/Images/Prefabs/Prefab_Rela.png
  artifactKey: Guid(6bf3db50db384654888229ebec197979) Importer(815301076,1909f56bfc062723c751e8b465ee728b)
Start importing Assets/Images/Prefabs/Prefab_Rela.png using Guid(6bf3db50db384654888229ebec197979) Importer(815301076,1909f56bfc062723c751e8b465ee728b)  -> (artifact id: '705d3294fdc334597cae3de5448e781a') in 0.049514 seconds
  Import took 0.074812 seconds .

========================================================================
Received Import Request.
  Time since last request: 0.000291 seconds.
  path: Assets/Images/Prefabs/Prefab_Rela_selected.png
  artifactKey: Guid(54030fd6a79c2294e90ff56d60c19cd3) Importer(815301076,1909f56bfc062723c751e8b465ee728b)
Start importing Assets/Images/Prefabs/Prefab_Rela_selected.png using Guid(54030fd6a79c2294e90ff56d60c19cd3) Importer(815301076,1909f56bfc062723c751e8b465ee728b)  -> (artifact id: '4b562ccfb886a8e9b14c56d3d911aef0') in 0.046560 seconds
  Import took 0.062191 seconds .

========================================================================
Received Import Request.
  Time since last request: 0.000231 seconds.
  path: Assets/Images/Gebäudeinfo/Weide/Tabelle_leer.png
  artifactKey: Guid(8cdc5475753efea4784b3768d84745fc) Importer(815301076,1909f56bfc062723c751e8b465ee728b)
Start importing Assets/Images/Gebäudeinfo/Weide/Tabelle_leer.png using Guid(8cdc5475753efea4784b3768d84745fc) Importer(815301076,1909f56bfc062723c751e8b465ee728b)  -> (artifact id: 'c2f42638feefa77763a736be6dc788b1') in 0.041180 seconds
  Import took 0.046872 seconds .

========================================================================
Received Import Request.
  Time since last request: 0.000223 seconds.
  path: Assets/Images/Prefabs/Prefab_Attribut.png
  artifactKey: Guid(1fdc070acc835414b8e5c048d2f1a422) Importer(815301076,1909f56bfc062723c751e8b465ee728b)
Start importing Assets/Images/Prefabs/Prefab_Attribut.png using Guid(1fdc070acc835414b8e5c048d2f1a422) Importer(815301076,1909f56bfc062723c751e8b465ee728b)  -> (artifact id: 'd4fe1b82609ee66bfae35dbd87a071f4') in 0.046948 seconds
  Import took 0.053274 seconds .

========================================================================
Received Import Request.
  Time since last request: 0.000259 seconds.
  path: Assets/Images/Prefabs/Prefab_Entität_selected.png
  artifactKey: Guid(3a22521b726710c4bb1fda0f62c45466) Importer(815301076,1909f56bfc062723c751e8b465ee728b)
Start importing Assets/Images/Prefabs/Prefab_Entität_selected.png using Guid(3a22521b726710c4bb1fda0f62c45466) Importer(815301076,1909f56bfc062723c751e8b465ee728b)  -> (artifact id: 'a52c3b8f88d3340534417f9a7205fc93') in 0.048995 seconds
  Import took 0.054611 seconds .

========================================================================
Received Import Request.
  Time since last request: 0.191221 seconds.
  path: Assets/Images/Hauptmenue/Logo.png
  artifactKey: Guid(cd45b0be5e5e1e444bf4519f1e62f031) Importer(815301076,1909f56bfc062723c751e8b465ee728b)
Start importing Assets/Images/Hauptmenue/Logo.png using Guid(cd45b0be5e5e1e444bf4519f1e62f031) Importer(815301076,1909f56bfc062723c751e8b465ee728b)  -> (artifact id: '9af091fe53c84ad7e87204beed93b7d4') in 0.082994 seconds
  Import took 0.154444 seconds .

========================================================================
Received Import Request.
  Time since last request: 0.000231 seconds.
  path: Assets/Images/ER-Editor/Leiste_BOTTOM.png
  artifactKey: Guid(f1abf04d3fdf1384e9ed4b470ed5ca82) Importer(815301076,1909f56bfc062723c751e8b465ee728b)
Start importing Assets/Images/ER-Editor/Leiste_BOTTOM.png using Guid(f1abf04d3fdf1384e9ed4b470ed5ca82) Importer(815301076,1909f56bfc062723c751e8b465ee728b)  -> (artifact id: 'eb22d6140bf60e3b59813e3b64363380') in 0.066721 seconds
  Import took 0.072424 seconds .

========================================================================
Received Import Request.
  Time since last request: 0.000230 seconds.
  path: Assets/Images/Mülleimer.png
  artifactKey: Guid(969937446a7cb6a43ae579a53c0a7772) Importer(815301076,1909f56bfc062723c751e8b465ee728b)
Start importing Assets/Images/Mülleimer.png using Guid(969937446a7cb6a43ae579a53c0a7772) Importer(815301076,1909f56bfc062723c751e8b465ee728b)  -> (artifact id: 'cea46dcdd7df8cad669df7e96bf2b5d7') in 0.066640 seconds
  Import took 0.072391 seconds .

========================================================================
Received Import Request.
  Time since last request: 0.000218 seconds.
  path: Assets/Images/ER-Editor/Leiste_TOP.png
  artifactKey: Guid(17287c4944acade43aa5d56a29a7c4e5) Importer(815301076,1909f56bfc062723c751e8b465ee728b)
Start importing Assets/Images/ER-Editor/Leiste_TOP.png using Guid(17287c4944acade43aa5d56a29a7c4e5) Importer(815301076,1909f56bfc062723c751e8b465ee728b)  -> (artifact id: 'ee4d10124bd663491b1144f4df8bbfdd') in 0.051427 seconds
  Import took 0.062113 seconds .

========================================================================
Received Import Request.
  Time since last request: 5.387915 seconds.
  path: Assets/Images/attribut.png
  artifactKey: Guid(392e89e791b5d544bb6e5c4b470c3dcd) Importer(815301076,1909f56bfc062723c751e8b465ee728b)
Start importing Assets/Images/attribut.png using Guid(392e89e791b5d544bb6e5c4b470c3dcd) Importer(815301076,1909f56bfc062723c751e8b465ee728b)  -> (artifact id: '01b52c562b10b4a761f10b2cdbcb40ae') in 0.045955 seconds
  Import took 0.053689 seconds .

========================================================================
Received Import Request.
  Time since last request: 0.000313 seconds.
  path: Assets/Images/schwacheBeziehung.png
  artifactKey: Guid(38c09e00a1284f94a9decd03eb82fb14) Importer(815301076,1909f56bfc062723c751e8b465ee728b)
Start importing Assets/Images/schwacheBeziehung.png using Guid(38c09e00a1284f94a9decd03eb82fb14) Importer(815301076,1909f56bfc062723c751e8b465ee728b)  -> (artifact id: 'e973c6ca11239c543dc0217b46a2d445') in 0.233622 seconds
  Import took 0.239649 seconds .

========================================================================
Received Import Request.
  Time since last request: 0.000276 seconds.
  path: Assets/Images/entity.png
  artifactKey: Guid(367174c82285efb43a7d91630bf1f0e0) Importer(815301076,1909f56bfc062723c751e8b465ee728b)
Start importing Assets/Images/entity.png using Guid(367174c82285efb43a7d91630bf1f0e0) Importer(815301076,1909f56bfc062723c751e8b465ee728b)  -> (artifact id: '8545fd95684618e0f20b9491badea902') in 0.060222 seconds
  Import took 0.066363 seconds .

========================================================================
Received Import Request.
  Time since last request: 0.000270 seconds.
  path: Assets/Images/schwacheEntity.png
  artifactKey: Guid(b0d31c55d580e524fab06eb3511fe0bf) Importer(815301076,1909f56bfc062723c751e8b465ee728b)
Start importing Assets/Images/schwacheEntity.png using Guid(b0d31c55d580e524fab06eb3511fe0bf) Importer(815301076,1909f56bfc062723c751e8b465ee728b)  -> (artifact id: 'e8ec728e359d10c4866e6aee23a7b372') in 0.274766 seconds
  Import took 0.281313 seconds .

========================================================================
Received Import Request.
  Time since last request: 0.000198 seconds.
  path: Assets/Images/beziehung.png
  artifactKey: Guid(e94c07a321af58c4cb33cc1c4a9fe9bc) Importer(815301076,1909f56bfc062723c751e8b465ee728b)
Start importing Assets/Images/beziehung.png using Guid(e94c07a321af58c4cb33cc1c4a9fe9bc) Importer(815301076,1909f56bfc062723c751e8b465ee728b)  -> (artifact id: '4c8efeefed1dce5bdc1da67438f4e46c') in 0.080916 seconds
  Import took 0.086783 seconds .

========================================================================
Received Import Request.
  Time since last request: 7.840644 seconds.
  path: Assets/Images/Gebäudeinfo
  artifactKey: Guid(d9263bf21f9aecf488829ed20b494e65) Importer(815301076,1909f56bfc062723c751e8b465ee728b)
Start importing Assets/Images/Gebäudeinfo using Guid(d9263bf21f9aecf488829ed20b494e65) Importer(815301076,1909f56bfc062723c751e8b465ee728b)  -> (artifact id: '24b1eaf3f1a00967f32cebe36f002915') in 0.019804 seconds
  Import took 0.026907 seconds .

========================================================================
Received Import Request.
  Time since last request: 1.909570 seconds.
  path: Assets/Images/Gebäudeinfo/Wohncontainer
  artifactKey: Guid(c7662411eb4b8d14890a7b8b67fa6f2f) Importer(815301076,1909f56bfc062723c751e8b465ee728b)
Start importing Assets/Images/Gebäudeinfo/Wohncontainer using Guid(c7662411eb4b8d14890a7b8b67fa6f2f) Importer(815301076,1909f56bfc062723c751e8b465ee728b)  -> (artifact id: 'd5800081f04ed586e506b707f68147e7') in 0.004408 seconds
  Import took 0.013544 seconds .

========================================================================
Received Import Request.
  Time since last request: 0.065364 seconds.
  path: Assets/Images/Gebäudeinfo/Wohncontainer/Astronaut.png
  artifactKey: Guid(cd2f0dfb55f567946a8dec1cad76786f) Importer(815301076,1909f56bfc062723c751e8b465ee728b)
Start importing Assets/Images/Gebäudeinfo/Wohncontainer/Astronaut.png using Guid(cd2f0dfb55f567946a8dec1cad76786f) Importer(815301076,1909f56bfc062723c751e8b465ee728b)  -> (artifact id: '2c9849684a15c09c54ac24bf57b0e327') in 0.046776 seconds
  Import took 0.057627 seconds .

========================================================================
Received Import Request.
  Time since last request: 0.000374 seconds.
  path: Assets/Images/Gebäudeinfo/Wohncontainer/Button_leer_klein.png
  artifactKey: Guid(288f45bc0b78bad409f26585ca0ce3f9) Importer(815301076,1909f56bfc062723c751e8b465ee728b)
Start importing Assets/Images/Gebäudeinfo/Wohncontainer/Button_leer_klein.png using Guid(288f45bc0b78bad409f26585ca0ce3f9) Importer(815301076,1909f56bfc062723c751e8b465ee728b)  -> (artifact id: '4ce8a567e233e0ffdd66f2f88019029d') in 0.051926 seconds
  Import took 0.058216 seconds .

========================================================================
Received Import Request.
  Time since last request: 0.000287 seconds.
  path: Assets/Images/Gebäudeinfo/Wohncontainer/Background.png
  artifactKey: Guid(1c00cee304566404d92d50715921938b) Importer(815301076,1909f56bfc062723c751e8b465ee728b)
Start importing Assets/Images/Gebäudeinfo/Wohncontainer/Background.png using Guid(1c00cee304566404d92d50715921938b) Importer(815301076,1909f56bfc062723c751e8b465ee728b)  -> (artifact id: 'dffe375d23c1d8c9a9300a2e8fb70887') in 0.049717 seconds
  Import took 0.059950 seconds .

========================================================================
Received Import Request.
  Time since last request: 0.000274 seconds.
  path: Assets/Images/Gebäudeinfo/Wohncontainer/Button_leer_groß.png
  artifactKey: Guid(3b48c13044d1ec349afb4a351bcba426) Importer(815301076,1909f56bfc062723c751e8b465ee728b)
Start importing Assets/Images/Gebäudeinfo/Wohncontainer/Button_leer_groß.png using Guid(3b48c13044d1ec349afb4a351bcba426) Importer(815301076,1909f56bfc062723c751e8b465ee728b)  -> (artifact id: '009c46216d28ab546d391f4ff31d1ddc') in 0.043158 seconds
  Import took 0.048827 seconds .

========================================================================
Received Import Request.
  Time since last request: 0.000202 seconds.
  path: Assets/Images/Gebäudeinfo/Wohncontainer/Forschung.png
  artifactKey: Guid(1f3455c618e585947a0aafdb52fd89e0) Importer(815301076,1909f56bfc062723c751e8b465ee728b)
Start importing Assets/Images/Gebäudeinfo/Wohncontainer/Forschung.png using Guid(1f3455c618e585947a0aafdb52fd89e0) Importer(815301076,1909f56bfc062723c751e8b465ee728b)  -> (artifact id: '06e5419eb1332bd920fa74b667dc78ca') in 0.042923 seconds
  Import took 0.047953 seconds .

========================================================================
Received Import Request.
  Time since last request: 0.000214 seconds.
  path: Assets/Images/Gebäudeinfo/Wohncontainer/Feld.png
  artifactKey: Guid(77416ad76da0fd84c89aa44a2e0303b2) Importer(815301076,1909f56bfc062723c751e8b465ee728b)
Start importing Assets/Images/Gebäudeinfo/Wohncontainer/Feld.png using Guid(77416ad76da0fd84c89aa44a2e0303b2) Importer(815301076,1909f56bfc062723c751e8b465ee728b)  -> (artifact id: '466cd62b6592643b042d1ecbac6376ad') in 0.048619 seconds
  Import took 0.054234 seconds .

========================================================================
Received Prepare
Registering precompiled user dll's ...
Registered in 0.002671 seconds.
Begin MonoManager ReloadAssembly
Native extension for WindowsStandalone target not found
Refreshing native plugins compatible for Editor in 0.49 ms, found 0 plugins.
Preloading 0 native plugins for Editor in 0.00 ms.
Invoked RoslynAnalysisRunner static constructor.
RoslynAnalysisRunner will not be running.
RoslynAnalysisRunner has terminated.
Mono: successfully reloaded assembly
- Completed reload, in  1.361 seconds
Platform modules already initialized, skipping
Switching build target platform(5) subTarget(0) extendedPlatform(0) -> platform(13) subTarget(537395200) extendedPlatform(0)
Shader 'Universal Render Pipeline/Particles/Lit': fallback shader 'Universal Render Pipeline/Particles/SimpleLit' not found
Refreshing native plugins compatible for Editor in 0.50 ms, found 0 plugins.
Preloading 0 native plugins for Editor in 0.00 ms.
Unloading 2677 Unused Serialized files (Serialized files now loaded: 0)
System memory in use before: 118.9 MB.
System memory in use after: 119.1 MB.

Unloading 5 unused Assets to reduce memory usage. Loaded Objects now: 3279.
Total: 2.497700 ms (FindLiveObjects: 0.425200 ms CreateObjectMapping: 0.189000 ms MarkObjects: 1.862800 ms  DeleteObjects: 0.018500 ms)

AssetImportParameters requested are different than current active one (requested -> active):
  custom:graphics/normal-map-encoding: 01000000000000000000000000000000 -> 02000000000000000000000000000000
========================================================================
Received Prepare
Registering precompiled user dll's ...
Registered in 0.001805 seconds.
Begin MonoManager ReloadAssembly
Native extension for WindowsStandalone target not found
Refreshing native plugins compatible for Editor in 0.70 ms, found 0 plugins.
Preloading 0 native plugins for Editor in 0.00 ms.
Invoked RoslynAnalysisRunner static constructor.
RoslynAnalysisRunner will not be running.
RoslynAnalysisRunner has terminated.
Mono: successfully reloaded assembly
- Completed reload, in  1.289 seconds
Platform modules already initialized, skipping
Switching build target platform(5) subTarget(0) extendedPlatform(0) -> platform(13) subTarget(537395200) extendedPlatform(0)
Shader 'Universal Render Pipeline/Particles/Lit': fallback shader 'Universal Render Pipeline/Particles/SimpleLit' not found
Refreshing native plugins compatible for Editor in 0.47 ms, found 0 plugins.
Preloading 0 native plugins for Editor in 0.00 ms.
Unloading 2677 Unused Serialized files (Serialized files now loaded: 0)
System memory in use before: 118.9 MB.
System memory in use after: 119.1 MB.

Unloading 5 unused Assets to reduce memory usage. Loaded Objects now: 3282.
Total: 2.675900 ms (FindLiveObjects: 0.474300 ms CreateObjectMapping: 0.203900 ms MarkObjects: 1.976700 ms  DeleteObjects: 0.018100 ms)

AssetImportParameters requested are different than current active one (requested -> active):
  custom:graphics/normal-map-encoding: 01000000000000000000000000000000 -> 02000000000000000000000000000000
========================================================================
Received Import Request.
  Time since last request: 458.800167 seconds.
  path: Assets/Images
  artifactKey: Guid(467a55621fd3f214eb1a04d42cd5b256) Importer(815301076,1909f56bfc062723c751e8b465ee728b)
Start importing Assets/Images using Guid(467a55621fd3f214eb1a04d42cd5b256) Importer(815301076,1909f56bfc062723c751e8b465ee728b)  -> (artifact id: '8fe33a7fe3f494d9c9e05e0a9efe9994') in 0.020396 seconds
  Import took 0.027189 seconds .

========================================================================
Received Import Request.
  Time since last request: 6.166460 seconds.
  path: Assets/Images/Tabelle
  artifactKey: Guid(7ec93539f4da095498c560e86303ec8d) Importer(815301076,1909f56bfc062723c751e8b465ee728b)
Start importing Assets/Images/Tabelle using Guid(7ec93539f4da095498c560e86303ec8d) Importer(815301076,1909f56bfc062723c751e8b465ee728b)  -> (artifact id: '759aff5dda22b1b6954a2569ac999a57') in 0.009010 seconds
  Import took 0.060853 seconds .

========================================================================
Received Import Request.
  Time since last request: 18.417842 seconds.
  path: Assets/Images/Tabelle/Hintergrund.png
  artifactKey: Guid(cc7b78c8c9500224390e1cd609c2e7e0) Importer(815301076,1909f56bfc062723c751e8b465ee728b)
Start importing Assets/Images/Tabelle/Hintergrund.png using Guid(cc7b78c8c9500224390e1cd609c2e7e0) Importer(815301076,1909f56bfc062723c751e8b465ee728b)  -> (artifact id: '8912a16eea0e13f3bca816410f72da57') in 0.102819 seconds
  Import took 0.109359 seconds .

========================================================================
Received Import Request.
  Time since last request: 0.000206 seconds.
  path: Assets/Images/Tabelle/WohnendeAstronauten.png
  artifactKey: Guid(1b08cd1bb428cc6419b9935fef18c35c) Importer(815301076,1909f56bfc062723c751e8b465ee728b)
Start importing Assets/Images/Tabelle/WohnendeAstronauten.png using Guid(1b08cd1bb428cc6419b9935fef18c35c) Importer(815301076,1909f56bfc062723c751e8b465ee728b)  -> (artifact id: '25e513d9d568dc09bb2b5d9ff492e3eb') in 0.020723 seconds
  Import took 0.025899 seconds .

========================================================================
Received Import Request.
  Time since last request: 13.648542 seconds.
  path: Assets/Images/Tabelle/Hintergrund.png
  artifactKey: Guid(cc7b78c8c9500224390e1cd609c2e7e0) Importer(815301076,1909f56bfc062723c751e8b465ee728b)
Start importing Assets/Images/Tabelle/Hintergrund.png using Guid(cc7b78c8c9500224390e1cd609c2e7e0) Importer(815301076,1909f56bfc062723c751e8b465ee728b)  -> (artifact id: '453b8931d7330047b3f5f4af31488d9b') in 0.060927 seconds
  Import took 0.067199 seconds .

========================================================================
Received Import Request.
  Time since last request: 0.000224 seconds.
  path: Assets/Images/Tabelle/WohnendeAstronauten.png
  artifactKey: Guid(1b08cd1bb428cc6419b9935fef18c35c) Importer(815301076,1909f56bfc062723c751e8b465ee728b)
Start importing Assets/Images/Tabelle/WohnendeAstronauten.png using Guid(1b08cd1bb428cc6419b9935fef18c35c) Importer(815301076,1909f56bfc062723c751e8b465ee728b)  -> (artifact id: '4fcd653013bff03ab65a9aaabfb206a2') in 0.022346 seconds
  Import took 0.030251 seconds .

========================================================================
Received Import Request.
  Time since last request: 363.550782 seconds.
  path: Assets/Skript
  artifactKey: Guid(7513102f1e922014da94b19530355513) Importer(815301076,1909f56bfc062723c751e8b465ee728b)
Start importing Assets/Skript using Guid(7513102f1e922014da94b19530355513) Importer(815301076,1909f56bfc062723c751e8b465ee728b)  -> (artifact id: '77db5a97bb0e0cb8bb582e3ac5237f99') in 0.063327 seconds
  Import took 0.098192 seconds .

========================================================================
Received Import Request.
  Time since last request: 5.029105 seconds.
  path: Assets/Skript/Tabellen
  artifactKey: Guid(96012922b1facb7418fc0fdc35771bcb) Importer(815301076,1909f56bfc062723c751e8b465ee728b)
Start importing Assets/Skript/Tabellen using Guid(96012922b1facb7418fc0fdc35771bcb) Importer(815301076,1909f56bfc062723c751e8b465ee728b)  -> (artifact id: '4e7803c2732a67f29c666e5565f58f9c') in 0.010904 seconds
  Import took 0.017260 seconds .

========================================================================
Received Prepare
Registering precompiled user dll's ...
Registered in 0.001354 seconds.
Begin MonoManager ReloadAssembly
Native extension for WindowsStandalone target not found
Refreshing native plugins compatible for Editor in 0.70 ms, found 0 plugins.
Preloading 0 native plugins for Editor in 0.00 ms.
Invoked RoslynAnalysisRunner static constructor.
RoslynAnalysisRunner will not be running.
RoslynAnalysisRunner has terminated.
Mono: successfully reloaded assembly
- Completed reload, in  1.436 seconds
Platform modules already initialized, skipping
Switching build target platform(5) subTarget(0) extendedPlatform(0) -> platform(13) subTarget(537395200) extendedPlatform(0)
Shader 'Universal Render Pipeline/Particles/Lit': fallback shader 'Universal Render Pipeline/Particles/SimpleLit' not found
Refreshing native plugins compatible for Editor in 0.54 ms, found 0 plugins.
Preloading 0 native plugins for Editor in 0.00 ms.
Unloading 2678 Unused Serialized files (Serialized files now loaded: 0)
System memory in use before: 118.9 MB.
System memory in use after: 119.1 MB.

Unloading 5 unused Assets to reduce memory usage. Loaded Objects now: 3292.
Total: 112.908100 ms (FindLiveObjects: 6.398400 ms CreateObjectMapping: 43.424000 ms MarkObjects: 63.055300 ms  DeleteObjects: 0.028000 ms)

AssetImportParameters requested are different than current active one (requested -> active):
  custom:graphics/normal-map-encoding: 01000000000000000000000000000000 -> 02000000000000000000000000000000
========================================================================
Received Import Request.
  Time since last request: 61.478181 seconds.
  path: Assets/Skript/Tabellen/WohncontainerTabelle.cs
  artifactKey: Guid(5e8ea1c41043b584688f33653a185fd6) Importer(815301076,1909f56bfc062723c751e8b465ee728b)
Start importing Assets/Skript/Tabellen/WohncontainerTabelle.cs using Guid(5e8ea1c41043b584688f33653a185fd6) Importer(815301076,1909f56bfc062723c751e8b465ee728b)  -> (artifact id: '655822fa17d12e5bcd6ad314cbd71d01') in 0.020001 seconds
  Import took 0.025638 seconds .

========================================================================
Received Import Request.
  Time since last request: 282.339352 seconds.
  path: Assets/Skript/Tabellen/WohncontainerTabelle.cs
  artifactKey: Guid(5e8ea1c41043b584688f33653a185fd6) Importer(815301076,1909f56bfc062723c751e8b465ee728b)
Start importing Assets/Skript/Tabellen/WohncontainerTabelle.cs using Guid(5e8ea1c41043b584688f33653a185fd6) Importer(815301076,1909f56bfc062723c751e8b465ee728b)  -> (artifact id: '5b411aa6f397a8dfbccb8ec3a4889a04') in 0.003043 seconds
  Import took 0.010566 seconds .

========================================================================
Received Import Request.
  Time since last request: 0.000605 seconds.
  path: Assets/Skript/Tabellen/WohncontainerTabelle.cs
  artifactKey: Guid(5e8ea1c41043b584688f33653a185fd6) Importer(815301076,1909f56bfc062723c751e8b465ee728b)
Start importing Assets/Skript/Tabellen/WohncontainerTabelle.cs using Guid(5e8ea1c41043b584688f33653a185fd6) Importer(815301076,1909f56bfc062723c751e8b465ee728b)  -> (artifact id: '5b411aa6f397a8dfbccb8ec3a4889a04') in 0.004009 seconds
  Import took 0.009441 seconds .

========================================================================
Received Prepare
Registering precompiled user dll's ...
Registered in 0.001514 seconds.
Begin MonoManager ReloadAssembly
Native extension for WindowsStandalone target not found
Refreshing native plugins compatible for Editor in 0.57 ms, found 0 plugins.
Preloading 0 native plugins for Editor in 0.00 ms.
Invoked RoslynAnalysisRunner static constructor.
RoslynAnalysisRunner will not be running.
RoslynAnalysisRunner has terminated.
Mono: successfully reloaded assembly
- Completed reload, in  1.381 seconds
Platform modules already initialized, skipping
Switching build target platform(5) subTarget(0) extendedPlatform(0) -> platform(13) subTarget(537395200) extendedPlatform(0)
Shader 'Universal Render Pipeline/Particles/Lit': fallback shader 'Universal Render Pipeline/Particles/SimpleLit' not found
Refreshing native plugins compatible for Editor in 0.48 ms, found 0 plugins.
Preloading 0 native plugins for Editor in 0.00 ms.
Unloading 2678 Unused Serialized files (Serialized files now loaded: 0)
System memory in use before: 118.9 MB.
System memory in use after: 119.1 MB.

Unloading 5 unused Assets to reduce memory usage. Loaded Objects now: 3295.
Total: 2.705800 ms (FindLiveObjects: 0.391000 ms CreateObjectMapping: 0.193800 ms MarkObjects: 2.098900 ms  DeleteObjects: 0.021200 ms)

AssetImportParameters requested are different than current active one (requested -> active):
  custom:graphics/normal-map-encoding: 01000000000000000000000000000000 -> 02000000000000000000000000000000
========================================================================
Received Import Request.
  Time since last request: 257.802201 seconds.
  path: Assets/Skript/Tabellen/WohncontainerTabelle.cs
  artifactKey: Guid(5e8ea1c41043b584688f33653a185fd6) Importer(815301076,1909f56bfc062723c751e8b465ee728b)
Start importing Assets/Skript/Tabellen/WohncontainerTabelle.cs using Guid(5e8ea1c41043b584688f33653a185fd6) Importer(815301076,1909f56bfc062723c751e8b465ee728b)  -> (artifact id: 'd40904a2f3a5ab9507b4d0710037b43f') in 0.015987 seconds
  Import took 0.026953 seconds .

========================================================================
Received Prepare
Registering precompiled user dll's ...
Registered in 0.001785 seconds.
Begin MonoManager ReloadAssembly
Native extension for WindowsStandalone target not found
Refreshing native plugins compatible for Editor in 1.11 ms, found 0 plugins.
Preloading 0 native plugins for Editor in 0.00 ms.
Invoked RoslynAnalysisRunner static constructor.
RoslynAnalysisRunner will not be running.
RoslynAnalysisRunner has terminated.
Mono: successfully reloaded assembly
- Completed reload, in  1.353 seconds
Platform modules already initialized, skipping
Switching build target platform(5) subTarget(0) extendedPlatform(0) -> platform(13) subTarget(537395200) extendedPlatform(0)
Shader 'Universal Render Pipeline/Particles/Lit': fallback shader 'Universal Render Pipeline/Particles/SimpleLit' not found
Refreshing native plugins compatible for Editor in 0.65 ms, found 0 plugins.
Preloading 0 native plugins for Editor in 0.00 ms.
Unloading 2678 Unused Serialized files (Serialized files now loaded: 0)
System memory in use before: 118.9 MB.
System memory in use after: 119.1 MB.

Unloading 5 unused Assets to reduce memory usage. Loaded Objects now: 3298.
Total: 4.531400 ms (FindLiveObjects: 0.572200 ms CreateObjectMapping: 0.306000 ms MarkObjects: 3.629200 ms  DeleteObjects: 0.021100 ms)

AssetImportParameters requested are different than current active one (requested -> active):
  custom:graphics/normal-map-encoding: 01000000000000000000000000000000 -> 02000000000000000000000000000000
========================================================================
Received Import Request.
  Time since last request: 288.111110 seconds.
  path: Assets/Images/Hauptmenue
  artifactKey: Guid(a60b276e240e1454caa7ab7a6cba09fd) Importer(815301076,1909f56bfc062723c751e8b465ee728b)
Start importing Assets/Images/Hauptmenue using Guid(a60b276e240e1454caa7ab7a6cba09fd) Importer(815301076,1909f56bfc062723c751e8b465ee728b)  -> (artifact id: 'a99a400d39a6198d1a9aae5da671339b') in 0.014330 seconds
  Import took 0.020672 seconds .

========================================================================
Received Import Request.
  Time since last request: 14.940370 seconds.
  path: Assets/Images/Tabelle/WohnendeAstronauten 1.png
  artifactKey: Guid(638769f8a5c07fd43a08d9d7ea7742c9) Importer(815301076,1909f56bfc062723c751e8b465ee728b)
Start importing Assets/Images/Tabelle/WohnendeAstronauten 1.png using Guid(638769f8a5c07fd43a08d9d7ea7742c9) Importer(815301076,1909f56bfc062723c751e8b465ee728b)  -> (artifact id: 'aa97b924fea777d6361a5e0b37d19808') in 0.056844 seconds
  Import took 0.064137 seconds .

========================================================================
Received Import Request.
  Time since last request: 33.366636 seconds.
  path: Assets/Images/Tabelle/WohnendeAstronauten.png
  artifactKey: Guid(1b08cd1bb428cc6419b9935fef18c35c) Importer(815301076,1909f56bfc062723c751e8b465ee728b)
Start importing Assets/Images/Tabelle/WohnendeAstronauten.png using Guid(1b08cd1bb428cc6419b9935fef18c35c) Importer(815301076,1909f56bfc062723c751e8b465ee728b)  -> (artifact id: '1ee3497fc671794527d57a1582be0261') in 0.013109 seconds
  Import took 0.019287 seconds .

========================================================================
Received Import Request.
  Time since last request: 0.002926 seconds.
  path: Assets/Images/Tabelle/WohnendeAstronauten.png
  artifactKey: Guid(1b08cd1bb428cc6419b9935fef18c35c) Importer(815301076,1909f56bfc062723c751e8b465ee728b)
Start importing Assets/Images/Tabelle/WohnendeAstronauten.png using Guid(1b08cd1bb428cc6419b9935fef18c35c) Importer(815301076,1909f56bfc062723c751e8b465ee728b)  -> (artifact id: '1ee3497fc671794527d57a1582be0261') in 0.013328 seconds
  Import took 0.024390 seconds .

========================================================================
Received Import Request.
  Time since last request: 9.298974 seconds.
  path: Assets/Images/Tabelle/WohnendeAstronauten.png
  artifactKey: Guid(1b08cd1bb428cc6419b9935fef18c35c) Importer(815301076,1909f56bfc062723c751e8b465ee728b)
Start importing Assets/Images/Tabelle/WohnendeAstronauten.png using Guid(1b08cd1bb428cc6419b9935fef18c35c) Importer(815301076,1909f56bfc062723c751e8b465ee728b)  -> (artifact id: 'abe3b6495029ff1dd903f7561e68ee85') in 0.033263 seconds
  Import took 0.083105 seconds .

========================================================================
Received Import Request.
  Time since last request: 217.059866 seconds.
  path: Assets/Prefabs/ER-Diagramm/Attribut.prefab
  artifactKey: Guid(ccb774529809ffd41b1a4301b6381d29) Importer(815301076,1909f56bfc062723c751e8b465ee728b)
Start importing Assets/Prefabs/ER-Diagramm/Attribut.prefab using Guid(ccb774529809ffd41b1a4301b6381d29) Importer(815301076,1909f56bfc062723c751e8b465ee728b)  -> (artifact id: 'a24d04f9ef3340b2eeb5b1ed8bf92362') in 0.427720 seconds
  Import took 0.436221 seconds .

========================================================================
Received Import Request.
  Time since last request: 0.000348 seconds.
  path: Assets/Prefabs/ER-Diagramm/Entity.prefab
  artifactKey: Guid(116b02e25de6b164d82ef7d06c3c2bc6) Importer(815301076,1909f56bfc062723c751e8b465ee728b)
Start importing Assets/Prefabs/ER-Diagramm/Entity.prefab using Guid(116b02e25de6b164d82ef7d06c3c2bc6) Importer(815301076,1909f56bfc062723c751e8b465ee728b)  -> (artifact id: '6df3bb2d9ba46ba45a0907e490b8f560') in 0.225137 seconds
  Import took 0.231549 seconds .

========================================================================
Received Import Request.
  Time since last request: 0.000353 seconds.
  path: Assets/Prefabs/ER-Diagramm/Linie.prefab
  artifactKey: Guid(4329b69ee7c51364f95bd8e085357311) Importer(815301076,1909f56bfc062723c751e8b465ee728b)
Start importing Assets/Prefabs/ER-Diagramm/Linie.prefab using Guid(4329b69ee7c51364f95bd8e085357311) Importer(815301076,1909f56bfc062723c751e8b465ee728b)  -> (artifact id: '7a4c25656586d9201d0b392c8cbb9dc5') in 0.034578 seconds
  Import took 0.039495 seconds .

========================================================================
Received Import Request.
  Time since last request: 0.000214 seconds.
  path: Assets/Prefabs/ER-Diagramm/Beziehung.prefab
  artifactKey: Guid(3a99a9483acea62499e4756187dcad1c) Importer(815301076,1909f56bfc062723c751e8b465ee728b)
Start importing Assets/Prefabs/ER-Diagramm/Beziehung.prefab using Guid(3a99a9483acea62499e4756187dcad1c) Importer(815301076,1909f56bfc062723c751e8b465ee728b)  -> (artifact id: 'ea58d1915dc7c020ded770af00604fe0') in 0.155380 seconds
  Import took 0.161016 seconds .

========================================================================
Received Import Request.
  Time since last request: 0.565722 seconds.
  path: Assets/Prefabs
  artifactKey: Guid(86dfd577df3e0e1498e9bf92561a8906) Importer(815301076,1909f56bfc062723c751e8b465ee728b)
Start importing Assets/Prefabs using Guid(86dfd577df3e0e1498e9bf92561a8906) Importer(815301076,1909f56bfc062723c751e8b465ee728b)  -> (artifact id: 'a44cca890023fd67d816edbb428b81fc') in 0.008864 seconds
  Import took 0.015626 seconds .

========================================================================
Received Import Request.
  Time since last request: 5.358263 seconds.
  path: Assets/Prefabs/Tabellen
  artifactKey: Guid(484df2afcfdd82a4b9f86570926c0105) Importer(815301076,1909f56bfc062723c751e8b465ee728b)
Start importing Assets/Prefabs/Tabellen using Guid(484df2afcfdd82a4b9f86570926c0105) Importer(815301076,1909f56bfc062723c751e8b465ee728b)  -> (artifact id: '214cb1df1e6d957b7c64151ec849c5b4') in 0.009218 seconds
  Import took 0.046863 seconds .

========================================================================
Received Import Request.
  Time since last request: 19.069315 seconds.
  path: Assets/Prefabs/Tabellen/AstronautenZeile.prefab
  artifactKey: Guid(47f185e2e837d39479348e8e19256fbd) Importer(815301076,1909f56bfc062723c751e8b465ee728b)
Start importing Assets/Prefabs/Tabellen/AstronautenZeile.prefab using Guid(47f185e2e837d39479348e8e19256fbd) Importer(815301076,1909f56bfc062723c751e8b465ee728b)  -> (artifact id: '48d1c67933238f2edb0b302b37d784c3') in 0.019944 seconds
  Import took 0.026113 seconds .

========================================================================
Received Prepare
Registering precompiled user dll's ...
Registered in 0.001459 seconds.
Begin MonoManager ReloadAssembly
Native extension for WindowsStandalone target not found
Refreshing native plugins compatible for Editor in 0.52 ms, found 0 plugins.
Preloading 0 native plugins for Editor in 0.00 ms.
Invoked RoslynAnalysisRunner static constructor.
RoslynAnalysisRunner will not be running.
RoslynAnalysisRunner has terminated.
Mono: successfully reloaded assembly
- Completed reload, in  1.339 seconds
Platform modules already initialized, skipping
Switching build target platform(5) subTarget(0) extendedPlatform(0) -> platform(13) subTarget(537395200) extendedPlatform(0)
Shader 'Universal Render Pipeline/Particles/Lit': fallback shader 'Universal Render Pipeline/Particles/SimpleLit' not found
Refreshing native plugins compatible for Editor in 0.49 ms, found 0 plugins.
Preloading 0 native plugins for Editor in 0.00 ms.
Unloading 2678 Unused Serialized files (Serialized files now loaded: 0)
System memory in use before: 119.0 MB.
System memory in use after: 119.2 MB.

Unloading 6 unused Assets to reduce memory usage. Loaded Objects now: 3302.
Total: 3.252400 ms (FindLiveObjects: 0.468900 ms CreateObjectMapping: 0.408000 ms MarkObjects: 2.316600 ms  DeleteObjects: 0.056900 ms)

AssetImportParameters requested are different than current active one (requested -> active):
  custom:graphics/normal-map-encoding: 01000000000000000000000000000000 -> 02000000000000000000000000000000
========================================================================
Received Prepare
Registering precompiled user dll's ...
Registered in 0.002070 seconds.
Begin MonoManager ReloadAssembly
Native extension for WindowsStandalone target not found
Refreshing native plugins compatible for Editor in 0.65 ms, found 0 plugins.
Preloading 0 native plugins for Editor in 0.00 ms.
Invoked RoslynAnalysisRunner static constructor.
RoslynAnalysisRunner will not be running.
RoslynAnalysisRunner has terminated.
Mono: successfully reloaded assembly
- Completed reload, in  1.368 seconds
Platform modules already initialized, skipping
Switching build target platform(5) subTarget(0) extendedPlatform(0) -> platform(13) subTarget(537395200) extendedPlatform(0)
Shader 'Universal Render Pipeline/Particles/Lit': fallback shader 'Universal Render Pipeline/Particles/SimpleLit' not found
Refreshing native plugins compatible for Editor in 0.66 ms, found 0 plugins.
Preloading 0 native plugins for Editor in 0.00 ms.
Unloading 2678 Unused Serialized files (Serialized files now loaded: 0)
System memory in use before: 119.0 MB.
System memory in use after: 119.2 MB.

Unloading 5 unused Assets to reduce memory usage. Loaded Objects now: 3305.
Total: 3.847700 ms (FindLiveObjects: 1.068500 ms CreateObjectMapping: 0.217800 ms MarkObjects: 2.515200 ms  DeleteObjects: 0.043800 ms)

AssetImportParameters requested are different than current active one (requested -> active):
  custom:graphics/normal-map-encoding: 01000000000000000000000000000000 -> 02000000000000000000000000000000
========================================================================
Received Prepare
Registering precompiled user dll's ...
Registered in 0.001300 seconds.
Begin MonoManager ReloadAssembly
Native extension for WindowsStandalone target not found
Refreshing native plugins compatible for Editor in 0.56 ms, found 0 plugins.
Preloading 0 native plugins for Editor in 0.00 ms.
Invoked RoslynAnalysisRunner static constructor.
RoslynAnalysisRunner will not be running.
RoslynAnalysisRunner has terminated.
Mono: successfully reloaded assembly
- Completed reload, in  1.371 seconds
Platform modules already initialized, skipping
Switching build target platform(5) subTarget(0) extendedPlatform(0) -> platform(13) subTarget(537395200) extendedPlatform(0)
Shader 'Universal Render Pipeline/Particles/Lit': fallback shader 'Universal Render Pipeline/Particles/SimpleLit' not found
Refreshing native plugins compatible for Editor in 0.50 ms, found 0 plugins.
Preloading 0 native plugins for Editor in 0.00 ms.
Unloading 2678 Unused Serialized files (Serialized files now loaded: 0)
System memory in use before: 119.0 MB.
System memory in use after: 119.2 MB.

Unloading 5 unused Assets to reduce memory usage. Loaded Objects now: 3308.
Total: 2.950900 ms (FindLiveObjects: 0.458600 ms CreateObjectMapping: 0.179100 ms MarkObjects: 2.274600 ms  DeleteObjects: 0.036300 ms)

AssetImportParameters requested are different than current active one (requested -> active):
  custom:graphics/normal-map-encoding: 01000000000000000000000000000000 -> 02000000000000000000000000000000
========================================================================
Received Prepare
Registering precompiled user dll's ...
Registered in 0.001830 seconds.
Begin MonoManager ReloadAssembly
Native extension for WindowsStandalone target not found
Refreshing native plugins compatible for Editor in 0.63 ms, found 0 plugins.
Preloading 0 native plugins for Editor in 0.00 ms.
Invoked RoslynAnalysisRunner static constructor.
RoslynAnalysisRunner will not be running.
RoslynAnalysisRunner has terminated.
Mono: successfully reloaded assembly
- Completed reload, in  1.797 seconds
Platform modules already initialized, skipping
Switching build target platform(5) subTarget(0) extendedPlatform(0) -> platform(13) subTarget(537395200) extendedPlatform(0)
Shader 'Universal Render Pipeline/Particles/Lit': fallback shader 'Universal Render Pipeline/Particles/SimpleLit' not found
Refreshing native plugins compatible for Editor in 0.75 ms, found 0 plugins.
Preloading 0 native plugins for Editor in 0.00 ms.
Unloading 2678 Unused Serialized files (Serialized files now loaded: 0)
System memory in use before: 119.0 MB.
System memory in use after: 119.2 MB.

Unloading 5 unused Assets to reduce memory usage. Loaded Objects now: 3311.
Total: 3.422900 ms (FindLiveObjects: 0.547700 ms CreateObjectMapping: 0.193200 ms MarkObjects: 2.657000 ms  DeleteObjects: 0.023000 ms)

AssetImportParameters requested are different than current active one (requested -> active):
  custom:graphics/normal-map-encoding: 01000000000000000000000000000000 -> 02000000000000000000000000000000
========================================================================
Received Prepare
Registering precompiled user dll's ...
Registered in 0.003571 seconds.
Begin MonoManager ReloadAssembly
Native extension for WindowsStandalone target not found
Refreshing native plugins compatible for Editor in 0.53 ms, found 0 plugins.
Preloading 0 native plugins for Editor in 0.00 ms.
Invoked RoslynAnalysisRunner static constructor.
RoslynAnalysisRunner will not be running.
RoslynAnalysisRunner has terminated.
Mono: successfully reloaded assembly
- Completed reload, in  2.342 seconds
Platform modules already initialized, skipping
Switching build target platform(5) subTarget(0) extendedPlatform(0) -> platform(13) subTarget(537395200) extendedPlatform(0)
Shader 'Universal Render Pipeline/Particles/Lit': fallback shader 'Universal Render Pipeline/Particles/SimpleLit' not found
Refreshing native plugins compatible for Editor in 1.43 ms, found 0 plugins.
Preloading 0 native plugins for Editor in 0.00 ms.
Unloading 2678 Unused Serialized files (Serialized files now loaded: 0)
System memory in use before: 119.0 MB.
System memory in use after: 119.2 MB.

Unloading 5 unused Assets to reduce memory usage. Loaded Objects now: 3314.
Total: 3.875400 ms (FindLiveObjects: 0.399000 ms CreateObjectMapping: 0.486900 ms MarkObjects: 2.961200 ms  DeleteObjects: 0.026100 ms)

AssetImportParameters requested are different than current active one (requested -> active):
  custom:graphics/normal-map-encoding: 01000000000000000000000000000000 -> 02000000000000000000000000000000
========================================================================
Received Prepare
Registering precompiled user dll's ...
Registered in 0.001438 seconds.
Begin MonoManager ReloadAssembly
Native extension for WindowsStandalone target not found
Refreshing native plugins compatible for Editor in 0.50 ms, found 0 plugins.
Preloading 0 native plugins for Editor in 0.00 ms.
Invoked RoslynAnalysisRunner static constructor.
RoslynAnalysisRunner will not be running.
RoslynAnalysisRunner has terminated.
Mono: successfully reloaded assembly
- Completed reload, in  1.436 seconds
Platform modules already initialized, skipping
Switching build target platform(5) subTarget(0) extendedPlatform(0) -> platform(13) subTarget(537395200) extendedPlatform(0)
Shader 'Universal Render Pipeline/Particles/Lit': fallback shader 'Universal Render Pipeline/Particles/SimpleLit' not found
Refreshing native plugins compatible for Editor in 0.47 ms, found 0 plugins.
Preloading 0 native plugins for Editor in 0.00 ms.
Unloading 2678 Unused Serialized files (Serialized files now loaded: 0)
System memory in use before: 119.0 MB.
System memory in use after: 119.2 MB.

Unloading 5 unused Assets to reduce memory usage. Loaded Objects now: 3317.
Total: 3.275200 ms (FindLiveObjects: 0.824000 ms CreateObjectMapping: 0.287600 ms MarkObjects: 2.143400 ms  DeleteObjects: 0.018400 ms)

AssetImportParameters requested are different than current active one (requested -> active):
  custom:graphics/normal-map-encoding: 01000000000000000000000000000000 -> 02000000000000000000000000000000
========================================================================
Received Prepare
Registering precompiled user dll's ...
Registered in 0.001528 seconds.
Begin MonoManager ReloadAssembly
Native extension for WindowsStandalone target not found
Refreshing native plugins compatible for Editor in 1.04 ms, found 0 plugins.
Preloading 0 native plugins for Editor in 0.00 ms.
Invoked RoslynAnalysisRunner static constructor.
RoslynAnalysisRunner will not be running.
RoslynAnalysisRunner has terminated.
Mono: successfully reloaded assembly
- Completed reload, in  1.414 seconds
Platform modules already initialized, skipping
Switching build target platform(5) subTarget(0) extendedPlatform(0) -> platform(13) subTarget(537395200) extendedPlatform(0)
Shader 'Universal Render Pipeline/Particles/Lit': fallback shader 'Universal Render Pipeline/Particles/SimpleLit' not found
Refreshing native plugins compatible for Editor in 0.49 ms, found 0 plugins.
Preloading 0 native plugins for Editor in 0.00 ms.
Unloading 2678 Unused Serialized files (Serialized files now loaded: 0)
System memory in use before: 119.1 MB.
System memory in use after: 119.3 MB.

Unloading 5 unused Assets to reduce memory usage. Loaded Objects now: 3320.
Total: 2.988400 ms (FindLiveObjects: 0.502700 ms CreateObjectMapping: 0.188000 ms MarkObjects: 2.264300 ms  DeleteObjects: 0.032000 ms)

AssetImportParameters requested are different than current active one (requested -> active):
  custom:graphics/normal-map-encoding: 01000000000000000000000000000000 -> 02000000000000000000000000000000
========================================================================
Received Prepare
Registering precompiled user dll's ...
Registered in 0.001613 seconds.
Begin MonoManager ReloadAssembly
Native extension for WindowsStandalone target not found
Refreshing native plugins compatible for Editor in 0.58 ms, found 0 plugins.
Preloading 0 native plugins for Editor in 0.00 ms.
Invoked RoslynAnalysisRunner static constructor.
RoslynAnalysisRunner will not be running.
RoslynAnalysisRunner has terminated.
Mono: successfully reloaded assembly
- Completed reload, in  1.405 seconds
Platform modules already initialized, skipping
Switching build target platform(5) subTarget(0) extendedPlatform(0) -> platform(13) subTarget(537395200) extendedPlatform(0)
Shader 'Universal Render Pipeline/Particles/Lit': fallback shader 'Universal Render Pipeline/Particles/SimpleLit' not found
Refreshing native plugins compatible for Editor in 0.48 ms, found 0 plugins.
Preloading 0 native plugins for Editor in 0.00 ms.
Unloading 2678 Unused Serialized files (Serialized files now loaded: 0)
System memory in use before: 119.1 MB.
System memory in use after: 119.3 MB.

Unloading 5 unused Assets to reduce memory usage. Loaded Objects now: 3323.
Total: 2.702400 ms (FindLiveObjects: 0.414000 ms CreateObjectMapping: 0.185000 ms MarkObjects: 2.070900 ms  DeleteObjects: 0.031000 ms)

AssetImportParameters requested are different than current active one (requested -> active):
  custom:graphics/normal-map-encoding: 01000000000000000000000000000000 -> 02000000000000000000000000000000
========================================================================
Received Prepare
Registering precompiled user dll's ...
Registered in 0.001403 seconds.
Begin MonoManager ReloadAssembly
Native extension for WindowsStandalone target not found
Refreshing native plugins compatible for Editor in 0.57 ms, found 0 plugins.
Preloading 0 native plugins for Editor in 0.00 ms.
Invoked RoslynAnalysisRunner static constructor.
RoslynAnalysisRunner will not be running.
RoslynAnalysisRunner has terminated.
Mono: successfully reloaded assembly
- Completed reload, in  1.407 seconds
Platform modules already initialized, skipping
Switching build target platform(5) subTarget(0) extendedPlatform(0) -> platform(13) subTarget(537395200) extendedPlatform(0)
Shader 'Universal Render Pipeline/Particles/Lit': fallback shader 'Universal Render Pipeline/Particles/SimpleLit' not found
Refreshing native plugins compatible for Editor in 0.50 ms, found 0 plugins.
Preloading 0 native plugins for Editor in 0.00 ms.
Unloading 2678 Unused Serialized files (Serialized files now loaded: 0)
System memory in use before: 119.1 MB.
System memory in use after: 119.3 MB.

Unloading 5 unused Assets to reduce memory usage. Loaded Objects now: 3326.
Total: 3.481500 ms (FindLiveObjects: 0.404500 ms CreateObjectMapping: 0.267300 ms MarkObjects: 2.776700 ms  DeleteObjects: 0.031500 ms)

AssetImportParameters requested are different than current active one (requested -> active):
  custom:graphics/normal-map-encoding: 01000000000000000000000000000000 -> 02000000000000000000000000000000
========================================================================
Received Prepare
Registering precompiled user dll's ...
Registered in 0.001341 seconds.
Begin MonoManager ReloadAssembly
Native extension for WindowsStandalone target not found
Refreshing native plugins compatible for Editor in 0.51 ms, found 0 plugins.
Preloading 0 native plugins for Editor in 0.00 ms.
Invoked RoslynAnalysisRunner static constructor.
RoslynAnalysisRunner will not be running.
RoslynAnalysisRunner has terminated.
Mono: successfully reloaded assembly
- Completed reload, in  1.421 seconds
Platform modules already initialized, skipping
Switching build target platform(5) subTarget(0) extendedPlatform(0) -> platform(13) subTarget(537395200) extendedPlatform(0)
Shader 'Universal Render Pipeline/Particles/Lit': fallback shader 'Universal Render Pipeline/Particles/SimpleLit' not found
Refreshing native plugins compatible for Editor in 0.56 ms, found 0 plugins.
Preloading 0 native plugins for Editor in 0.00 ms.
Unloading 2678 Unused Serialized files (Serialized files now loaded: 0)
System memory in use before: 119.1 MB.
System memory in use after: 119.3 MB.

Unloading 5 unused Assets to reduce memory usage. Loaded Objects now: 3329.
Total: 2.454700 ms (FindLiveObjects: 0.357200 ms CreateObjectMapping: 0.162200 ms MarkObjects: 1.904400 ms  DeleteObjects: 0.029500 ms)

AssetImportParameters requested are different than current active one (requested -> active):
  custom:graphics/normal-map-encoding: 01000000000000000000000000000000 -> 02000000000000000000000000000000
========================================================================
Received Prepare
Registering precompiled user dll's ...
Registered in 0.002745 seconds.
Begin MonoManager ReloadAssembly
Native extension for WindowsStandalone target not found
Refreshing native plugins compatible for Editor in 0.71 ms, found 0 plugins.
Preloading 0 native plugins for Editor in 0.00 ms.
Invoked RoslynAnalysisRunner static constructor.
RoslynAnalysisRunner will not be running.
RoslynAnalysisRunner has terminated.
Mono: successfully reloaded assembly
- Completed reload, in  1.458 seconds
Platform modules already initialized, skipping
Switching build target platform(5) subTarget(0) extendedPlatform(0) -> platform(13) subTarget(537395200) extendedPlatform(0)
Shader 'Universal Render Pipeline/Particles/Lit': fallback shader 'Universal Render Pipeline/Particles/SimpleLit' not found
Refreshing native plugins compatible for Editor in 0.49 ms, found 0 plugins.
Preloading 0 native plugins for Editor in 0.00 ms.
Unloading 2678 Unused Serialized files (Serialized files now loaded: 0)
System memory in use before: 119.1 MB.
System memory in use after: 119.3 MB.

Unloading 5 unused Assets to reduce memory usage. Loaded Objects now: 3332.
Total: 2.801000 ms (FindLiveObjects: 0.579400 ms CreateObjectMapping: 0.229900 ms MarkObjects: 1.973100 ms  DeleteObjects: 0.017400 ms)

AssetImportParameters requested are different than current active one (requested -> active):
  custom:graphics/normal-map-encoding: 01000000000000000000000000000000 -> 02000000000000000000000000000000
========================================================================
Received Prepare
Registering precompiled user dll's ...
Registered in 0.003056 seconds.
Begin MonoManager ReloadAssembly
Native extension for WindowsStandalone target not found
Refreshing native plugins compatible for Editor in 0.51 ms, found 0 plugins.
Preloading 0 native plugins for Editor in 0.00 ms.
Invoked RoslynAnalysisRunner static constructor.
RoslynAnalysisRunner will not be running.
RoslynAnalysisRunner has terminated.
Mono: successfully reloaded assembly
- Completed reload, in  1.406 seconds
Platform modules already initialized, skipping
Switching build target platform(5) subTarget(0) extendedPlatform(0) -> platform(13) subTarget(537395200) extendedPlatform(0)
Shader 'Universal Render Pipeline/Particles/Lit': fallback shader 'Universal Render Pipeline/Particles/SimpleLit' not found
Refreshing native plugins compatible for Editor in 0.87 ms, found 0 plugins.
Preloading 0 native plugins for Editor in 0.00 ms.
Unloading 2678 Unused Serialized files (Serialized files now loaded: 0)
System memory in use before: 119.1 MB.
System memory in use after: 119.3 MB.

Unloading 5 unused Assets to reduce memory usage. Loaded Objects now: 3335.
Total: 5.784600 ms (FindLiveObjects: 0.490200 ms CreateObjectMapping: 0.250800 ms MarkObjects: 5.012800 ms  DeleteObjects: 0.029100 ms)

AssetImportParameters requested are different than current active one (requested -> active):
  custom:graphics/normal-map-encoding: 01000000000000000000000000000000 -> 02000000000000000000000000000000
========================================================================
Received Prepare
Registering precompiled user dll's ...
Registered in 0.001341 seconds.
Begin MonoManager ReloadAssembly
Native extension for WindowsStandalone target not found
Refreshing native plugins compatible for Editor in 0.62 ms, found 0 plugins.
Preloading 0 native plugins for Editor in 0.00 ms.
Invoked RoslynAnalysisRunner static constructor.
RoslynAnalysisRunner will not be running.
RoslynAnalysisRunner has terminated.
Mono: successfully reloaded assembly
- Completed reload, in  1.480 seconds
Platform modules already initialized, skipping
Switching build target platform(5) subTarget(0) extendedPlatform(0) -> platform(13) subTarget(537395200) extendedPlatform(0)
Shader 'Universal Render Pipeline/Particles/Lit': fallback shader 'Universal Render Pipeline/Particles/SimpleLit' not found
Refreshing native plugins compatible for Editor in 0.48 ms, found 0 plugins.
Preloading 0 native plugins for Editor in 0.00 ms.
Unloading 2678 Unused Serialized files (Serialized files now loaded: 0)
System memory in use before: 119.1 MB.
System memory in use after: 119.3 MB.

Unloading 5 unused Assets to reduce memory usage. Loaded Objects now: 3338.
Total: 2.689900 ms (FindLiveObjects: 0.361800 ms CreateObjectMapping: 0.159300 ms MarkObjects: 2.123900 ms  DeleteObjects: 0.043800 ms)

AssetImportParameters requested are different than current active one (requested -> active):
  custom:graphics/normal-map-encoding: 01000000000000000000000000000000 -> 02000000000000000000000000000000
========================================================================
Received Prepare
Registering precompiled user dll's ...
Registered in 0.001350 seconds.
Begin MonoManager ReloadAssembly
Native extension for WindowsStandalone target not found
Refreshing native plugins compatible for Editor in 0.49 ms, found 0 plugins.
Preloading 0 native plugins for Editor in 0.00 ms.
Invoked RoslynAnalysisRunner static constructor.
RoslynAnalysisRunner will not be running.
RoslynAnalysisRunner has terminated.
Mono: successfully reloaded assembly
- Completed reload, in  1.352 seconds
Platform modules already initialized, skipping
Switching build target platform(5) subTarget(0) extendedPlatform(0) -> platform(13) subTarget(537395200) extendedPlatform(0)
Shader 'Universal Render Pipeline/Particles/Lit': fallback shader 'Universal Render Pipeline/Particles/SimpleLit' not found
Refreshing native plugins compatible for Editor in 0.50 ms, found 0 plugins.
Preloading 0 native plugins for Editor in 0.00 ms.
Unloading 2678 Unused Serialized files (Serialized files now loaded: 0)
System memory in use before: 119.1 MB.
System memory in use after: 119.3 MB.

Unloading 5 unused Assets to reduce memory usage. Loaded Objects now: 3341.
Total: 6.177300 ms (FindLiveObjects: 0.707900 ms CreateObjectMapping: 0.422700 ms MarkObjects: 5.000900 ms  DeleteObjects: 0.042300 ms)

AssetImportParameters requested are different than current active one (requested -> active):
  custom:graphics/normal-map-encoding: 01000000000000000000000000000000 -> 02000000000000000000000000000000
========================================================================
Received Prepare
Registering precompiled user dll's ...
Registered in 0.001701 seconds.
Begin MonoManager ReloadAssembly
Native extension for WindowsStandalone target not found
Refreshing native plugins compatible for Editor in 0.78 ms, found 0 plugins.
Preloading 0 native plugins for Editor in 0.00 ms.
Invoked RoslynAnalysisRunner static constructor.
RoslynAnalysisRunner will not be running.
RoslynAnalysisRunner has terminated.
Mono: successfully reloaded assembly
- Completed reload, in  1.574 seconds
Platform modules already initialized, skipping
Switching build target platform(5) subTarget(0) extendedPlatform(0) -> platform(13) subTarget(537395200) extendedPlatform(0)
Shader 'Universal Render Pipeline/Particles/Lit': fallback shader 'Universal Render Pipeline/Particles/SimpleLit' not found
Refreshing native plugins compatible for Editor in 0.57 ms, found 0 plugins.
Preloading 0 native plugins for Editor in 0.00 ms.
Unloading 2678 Unused Serialized files (Serialized files now loaded: 0)
System memory in use before: 119.1 MB.
System memory in use after: 119.3 MB.

Unloading 5 unused Assets to reduce memory usage. Loaded Objects now: 3344.
Total: 3.010900 ms (FindLiveObjects: 0.467200 ms CreateObjectMapping: 0.378200 ms MarkObjects: 2.134400 ms  DeleteObjects: 0.030000 ms)

AssetImportParameters requested are different than current active one (requested -> active):
  custom:graphics/normal-map-encoding: 01000000000000000000000000000000 -> 02000000000000000000000000000000
========================================================================
Received Prepare
Registering precompiled user dll's ...
Registered in 0.001444 seconds.
Begin MonoManager ReloadAssembly
Native extension for WindowsStandalone target not found
Refreshing native plugins compatible for Editor in 0.48 ms, found 0 plugins.
Preloading 0 native plugins for Editor in 0.00 ms.
Invoked RoslynAnalysisRunner static constructor.
RoslynAnalysisRunner will not be running.
RoslynAnalysisRunner has terminated.
Mono: successfully reloaded assembly
- Completed reload, in  1.391 seconds
Platform modules already initialized, skipping
Switching build target platform(5) subTarget(0) extendedPlatform(0) -> platform(13) subTarget(537395200) extendedPlatform(0)
Shader 'Universal Render Pipeline/Particles/Lit': fallback shader 'Universal Render Pipeline/Particles/SimpleLit' not found
Refreshing native plugins compatible for Editor in 0.49 ms, found 0 plugins.
Preloading 0 native plugins for Editor in 0.00 ms.
Unloading 2678 Unused Serialized files (Serialized files now loaded: 0)
System memory in use before: 119.1 MB.
System memory in use after: 119.3 MB.

Unloading 5 unused Assets to reduce memory usage. Loaded Objects now: 3347.
Total: 4.537200 ms (FindLiveObjects: 0.582000 ms CreateObjectMapping: 0.428200 ms MarkObjects: 3.493400 ms  DeleteObjects: 0.031200 ms)

AssetImportParameters requested are different than current active one (requested -> active):
  custom:graphics/normal-map-encoding: 01000000000000000000000000000000 -> 02000000000000000000000000000000
========================================================================
Received Prepare
Registering precompiled user dll's ...
Registered in 0.001342 seconds.
Begin MonoManager ReloadAssembly
Native extension for WindowsStandalone target not found
Refreshing native plugins compatible for Editor in 0.52 ms, found 0 plugins.
Preloading 0 native plugins for Editor in 0.00 ms.
Invoked RoslynAnalysisRunner static constructor.
RoslynAnalysisRunner will not be running.
RoslynAnalysisRunner has terminated.
Mono: successfully reloaded assembly
- Completed reload, in  1.448 seconds
Platform modules already initialized, skipping
Switching build target platform(5) subTarget(0) extendedPlatform(0) -> platform(13) subTarget(537395200) extendedPlatform(0)
Shader 'Universal Render Pipeline/Particles/Lit': fallback shader 'Universal Render Pipeline/Particles/SimpleLit' not found
Refreshing native plugins compatible for Editor in 0.53 ms, found 0 plugins.
Preloading 0 native plugins for Editor in 0.00 ms.
Unloading 2678 Unused Serialized files (Serialized files now loaded: 0)
System memory in use before: 119.1 MB.
System memory in use after: 119.4 MB.

Unloading 5 unused Assets to reduce memory usage. Loaded Objects now: 3350.
Total: 2.975600 ms (FindLiveObjects: 0.604700 ms CreateObjectMapping: 0.260800 ms MarkObjects: 2.077100 ms  DeleteObjects: 0.031900 ms)

AssetImportParameters requested are different than current active one (requested -> active):
  custom:graphics/normal-map-encoding: 01000000000000000000000000000000 -> 02000000000000000000000000000000
========================================================================
Received Prepare
Registering precompiled user dll's ...
Registered in 0.001346 seconds.
Begin MonoManager ReloadAssembly
Native extension for WindowsStandalone target not found
Refreshing native plugins compatible for Editor in 0.62 ms, found 0 plugins.
Preloading 0 native plugins for Editor in 0.00 ms.
Invoked RoslynAnalysisRunner static constructor.
RoslynAnalysisRunner will not be running.
RoslynAnalysisRunner has terminated.
Mono: successfully reloaded assembly
- Completed reload, in  1.421 seconds
Platform modules already initialized, skipping
Switching build target platform(5) subTarget(0) extendedPlatform(0) -> platform(13) subTarget(537395200) extendedPlatform(0)
Shader 'Universal Render Pipeline/Particles/Lit': fallback shader 'Universal Render Pipeline/Particles/SimpleLit' not found
Refreshing native plugins compatible for Editor in 0.52 ms, found 0 plugins.
Preloading 0 native plugins for Editor in 0.00 ms.
Unloading 2678 Unused Serialized files (Serialized files now loaded: 0)
System memory in use before: 119.1 MB.
System memory in use after: 119.4 MB.

Unloading 5 unused Assets to reduce memory usage. Loaded Objects now: 3353.
Total: 2.557600 ms (FindLiveObjects: 0.370100 ms CreateObjectMapping: 0.179900 ms MarkObjects: 1.987000 ms  DeleteObjects: 0.018600 ms)

AssetImportParameters requested are different than current active one (requested -> active):
  custom:graphics/normal-map-encoding: 01000000000000000000000000000000 -> 02000000000000000000000000000000
========================================================================
Received Prepare
Registering precompiled user dll's ...
Registered in 0.001349 seconds.
Begin MonoManager ReloadAssembly
Native extension for WindowsStandalone target not found
Refreshing native plugins compatible for Editor in 0.51 ms, found 0 plugins.
Preloading 0 native plugins for Editor in 0.00 ms.
Invoked RoslynAnalysisRunner static constructor.
RoslynAnalysisRunner will not be running.
RoslynAnalysisRunner has terminated.
Mono: successfully reloaded assembly
- Completed reload, in  1.718 seconds
Platform modules already initialized, skipping
Switching build target platform(5) subTarget(0) extendedPlatform(0) -> platform(13) subTarget(537395200) extendedPlatform(0)
Shader 'Universal Render Pipeline/Particles/Lit': fallback shader 'Universal Render Pipeline/Particles/SimpleLit' not found
Refreshing native plugins compatible for Editor in 0.68 ms, found 0 plugins.
Preloading 0 native plugins for Editor in 0.00 ms.
Unloading 2678 Unused Serialized files (Serialized files now loaded: 0)
System memory in use before: 119.1 MB.
System memory in use after: 119.4 MB.

Unloading 5 unused Assets to reduce memory usage. Loaded Objects now: 3356.
Total: 3.121100 ms (FindLiveObjects: 0.451800 ms CreateObjectMapping: 0.272500 ms MarkObjects: 2.331400 ms  DeleteObjects: 0.063800 ms)

AssetImportParameters requested are different than current active one (requested -> active):
  custom:graphics/normal-map-encoding: 01000000000000000000000000000000 -> 02000000000000000000000000000000
========================================================================
Received Prepare
Registering precompiled user dll's ...
Registered in 0.001376 seconds.
Begin MonoManager ReloadAssembly
Native extension for WindowsStandalone target not found
Refreshing native plugins compatible for Editor in 0.52 ms, found 0 plugins.
Preloading 0 native plugins for Editor in 0.00 ms.
Invoked RoslynAnalysisRunner static constructor.
RoslynAnalysisRunner will not be running.
RoslynAnalysisRunner has terminated.
Mono: successfully reloaded assembly
- Completed reload, in  1.641 seconds
Platform modules already initialized, skipping
Switching build target platform(5) subTarget(0) extendedPlatform(0) -> platform(13) subTarget(537395200) extendedPlatform(0)
Shader 'Universal Render Pipeline/Particles/Lit': fallback shader 'Universal Render Pipeline/Particles/SimpleLit' not found
Refreshing native plugins compatible for Editor in 0.48 ms, found 0 plugins.
Preloading 0 native plugins for Editor in 0.00 ms.
Unloading 2678 Unused Serialized files (Serialized files now loaded: 0)
System memory in use before: 119.1 MB.
System memory in use after: 119.4 MB.

Unloading 5 unused Assets to reduce memory usage. Loaded Objects now: 3359.
Total: 2.920100 ms (FindLiveObjects: 0.277200 ms CreateObjectMapping: 0.114400 ms MarkObjects: 2.480300 ms  DeleteObjects: 0.046500 ms)

AssetImportParameters requested are different than current active one (requested -> active):
  custom:graphics/normal-map-encoding: 01000000000000000000000000000000 -> 02000000000000000000000000000000
========================================================================
Received Prepare
Registering precompiled user dll's ...
Registered in 0.001859 seconds.
Begin MonoManager ReloadAssembly
Native extension for WindowsStandalone target not found
Refreshing native plugins compatible for Editor in 0.50 ms, found 0 plugins.
Preloading 0 native plugins for Editor in 0.00 ms.
Invoked RoslynAnalysisRunner static constructor.
RoslynAnalysisRunner will not be running.
RoslynAnalysisRunner has terminated.
Mono: successfully reloaded assembly
- Completed reload, in  1.431 seconds
Platform modules already initialized, skipping
Switching build target platform(5) subTarget(0) extendedPlatform(0) -> platform(13) subTarget(537395200) extendedPlatform(0)
Shader 'Universal Render Pipeline/Particles/Lit': fallback shader 'Universal Render Pipeline/Particles/SimpleLit' not found
Refreshing native plugins compatible for Editor in 0.48 ms, found 0 plugins.
Preloading 0 native plugins for Editor in 0.00 ms.
Unloading 2678 Unused Serialized files (Serialized files now loaded: 0)
System memory in use before: 119.2 MB.
System memory in use after: 119.4 MB.

Unloading 5 unused Assets to reduce memory usage. Loaded Objects now: 3362.
Total: 2.905200 ms (FindLiveObjects: 0.626200 ms CreateObjectMapping: 0.290500 ms MarkObjects: 1.968800 ms  DeleteObjects: 0.017000 ms)

AssetImportParameters requested are different than current active one (requested -> active):
  custom:graphics/normal-map-encoding: 01000000000000000000000000000000 -> 02000000000000000000000000000000
========================================================================
Received Prepare
Registering precompiled user dll's ...
Registered in 0.001667 seconds.
Begin MonoManager ReloadAssembly
Native extension for WindowsStandalone target not found
Refreshing native plugins compatible for Editor in 0.48 ms, found 0 plugins.
Preloading 0 native plugins for Editor in 0.00 ms.
Invoked RoslynAnalysisRunner static constructor.
RoslynAnalysisRunner will not be running.
RoslynAnalysisRunner has terminated.
Mono: successfully reloaded assembly
- Completed reload, in  1.191 seconds
Platform modules already initialized, skipping
Switching build target platform(5) subTarget(0) extendedPlatform(0) -> platform(13) subTarget(537395200) extendedPlatform(0)
Shader 'Universal Render Pipeline/Particles/Lit': fallback shader 'Universal Render Pipeline/Particles/SimpleLit' not found
Refreshing native plugins compatible for Editor in 0.48 ms, found 0 plugins.
Preloading 0 native plugins for Editor in 0.00 ms.
Unloading 2678 Unused Serialized files (Serialized files now loaded: 0)
System memory in use before: 119.2 MB.
System memory in use after: 119.4 MB.

Unloading 5 unused Assets to reduce memory usage. Loaded Objects now: 3365.
Total: 2.913200 ms (FindLiveObjects: 0.466300 ms CreateObjectMapping: 0.266200 ms MarkObjects: 2.140000 ms  DeleteObjects: 0.039200 ms)

AssetImportParameters requested are different than current active one (requested -> active):
  custom:graphics/normal-map-encoding: 01000000000000000000000000000000 -> 02000000000000000000000000000000
AssetImportWorkerClient::OnTransportError - code=2 error=End of file
