Using pre-set license
Built from '2020.3/staging' branch; Version is '2020.3.0f1 (c7b5465681fb) revision 13088070'; Using compiler version '192528614'; Build Type 'Release'
OS: 'Windows 10 Home; OS build 19041.985; Version 2004; 64bit' Language: 'de' Physical Memory: 15272 MB
BatchMode: 1, IsHumanControllingUs: 0, StartBugReporterOnCrash: 0, Is64bit: 1, IsPro: 0

 COMMAND LINE ARGUMENTS:
C:\use\unity\2020.3.0f1\Editor\Unity.exe
-adb2
-batchMode
-noUpm
-name
AssetImportWorker2
-projectPath
C:/Users/marce/Desktop/UndiMeS_git/DB_BuildingGame/Versuch 1
-logFile
Logs/AssetImportWorker2.log
-srvPort
63773
Successfully changed project path to: C:/Users/marce/Desktop/UndiMeS_git/DB_BuildingGame/Versuch 1
C:/Users/marce/Desktop/UndiMeS_git/DB_BuildingGame/Versuch 1
Using Asset Import Pipeline V2.
Refreshing native plugins compatible for Editor in 120.56 ms, found 0 plugins.
Preloading 0 native plugins for Editor in 0.00 ms.
Initialize engine version: 2020.3.0f1 (c7b5465681fb)
[Subsystems] Discovering subsystems at path C:/use/unity/2020.3.0f1/Editor/Data/Resources/UnitySubsystems
[Subsystems] Discovering subsystems at path C:/Users/marce/Desktop/UndiMeS_git/DB_BuildingGame/Versuch 1/Assets
GfxDevice: creating device client; threaded=0
Direct3D:
    Version:  Direct3D 11.0 [level 11.1]
    Renderer: AMD 15DD Graphics (ID=0x15dd)
    Vendor:   
    VRAM:     7636 MB
    Driver:   24.20.13012.1003
Shader 'Universal Render Pipeline/Particles/Lit': fallback shader 'Universal Render Pipeline/Particles/SimpleLit' not found
Initialize mono
Mono path[0] = 'C:/use/unity/2020.3.0f1/Editor/Data/Managed'
Mono path[1] = 'C:/use/unity/2020.3.0f1/Editor/Data/MonoBleedingEdge/lib/mono/unityjit'
Mono config path = 'C:/use/unity/2020.3.0f1/Editor/Data/MonoBleedingEdge/etc'
Using monoOptions --debugger-agent=transport=dt_socket,embedding=1,server=y,suspend=n,address=127.0.0.1:56184
Begin MonoManager ReloadAssembly
Registering precompiled unity dll's ...
Register platform support module: C:/use/unity/2020.3.0f1/Editor/Data/PlaybackEngines/WindowsStandaloneSupport/UnityEditor.WindowsStandalone.Extensions.dll
Registered in 0.003694 seconds.
Native extension for WindowsStandalone target not found
Refreshing native plugins compatible for Editor in 70.50 ms, found 0 plugins.
Preloading 0 native plugins for Editor in 0.00 ms.
Invoked RoslynAnalysisRunner static constructor.
RoslynAnalysisRunner will not be running.
RoslynAnalysisRunner has terminated.
Mono: successfully reloaded assembly
- Completed reload, in  2.504 seconds
Platform modules already initialized, skipping
Registering precompiled user dll's ...
Registered in 0.002358 seconds.
Begin MonoManager ReloadAssembly
Symbol file data-00000217F0E136E0 doesn't match image C:\Users\marce\Desktop\UndiMeS_git\DB_BuildingGame\Versuch 1\Library\ScriptAssemblies\Unity.VSCode.Editor.dll
Symbol file LoadedFromMemory is not a mono symbol file
Symbol file data-00000217EE539050 doesn't match image C:\Users\marce\Desktop\UndiMeS_git\DB_BuildingGame\Versuch 1\Library\ScriptAssemblies\Unity.RenderPipelines.Universal.Shaders.dll
Symbol file LoadedFromMemory is not a mono symbol file
Symbol file data-00000217F0334A20 doesn't match image C:\Users\marce\Desktop\UndiMeS_git\DB_BuildingGame\Versuch 1\Library\ScriptAssemblies\Unity.RenderPipelines.Universal.Runtime.dll
Symbol file LoadedFromMemory is not a mono symbol file
Symbol file data-00000217F0334A20 doesn't match image C:\Users\marce\Desktop\UndiMeS_git\DB_BuildingGame\Versuch 1\Library\ScriptAssemblies\Unity.TextMeshPro.Editor.dll
Symbol file LoadedFromMemory is not a mono symbol file
Symbol file data-00000217F0195240 doesn't match image C:\Users\marce\Desktop\UndiMeS_git\DB_BuildingGame\Versuch 1\Library\ScriptAssemblies\Unity.VisualStudio.Editor.dll
Symbol file LoadedFromMemory is not a mono symbol file
Symbol file data-00000217F060CC30 doesn't match image C:\Users\marce\Desktop\UndiMeS_git\DB_BuildingGame\Versuch 1\Library\ScriptAssemblies\UnityEngine.TestRunner.dll
Symbol file LoadedFromMemory is not a mono symbol file
Symbol file data-00000217F059F020 doesn't match image C:\Users\marce\Desktop\UndiMeS_git\DB_BuildingGame\Versuch 1\Library\ScriptAssemblies\Unity.Timeline.dll
Symbol file LoadedFromMemory is not a mono symbol file
Symbol file data-00000217F059F020 doesn't match image C:\Users\marce\Desktop\UndiMeS_git\DB_BuildingGame\Versuch 1\Library\ScriptAssemblies\Unity.TextMeshPro.dll
Symbol file LoadedFromMemory is not a mono symbol file
Symbol file data-00000217F05CCA30 doesn't match image C:\Users\marce\Desktop\UndiMeS_git\DB_BuildingGame\Versuch 1\Library\ScriptAssemblies\UnityEditor.TestRunner.dll
Symbol file LoadedFromMemory is not a mono symbol file
Symbol file data-00000217F04D0020 doesn't match image C:\Users\marce\Desktop\UndiMeS_git\DB_BuildingGame\Versuch 1\Library\ScriptAssemblies\Unity.Searcher.Editor.dll
Symbol file LoadedFromMemory is not a mono symbol file
Symbol file data-00000217EE536D70 doesn't match image C:\Users\marce\Desktop\UndiMeS_git\DB_BuildingGame\Versuch 1\Library\ScriptAssemblies\Unity.ShaderGraph.Utilities.dll
Symbol file LoadedFromMemory is not a mono symbol file
Symbol file data-00000217EE8F9000 doesn't match image C:\Users\marce\Desktop\UndiMeS_git\DB_BuildingGame\Versuch 1\Library\ScriptAssemblies\Unity.RenderPipelines.Core.Runtime.dll
Symbol file LoadedFromMemory is not a mono symbol file
Symbol file data-00000217F0D3E420 doesn't match image C:\Users\marce\Desktop\UndiMeS_git\DB_BuildingGame\Versuch 1\Library\ScriptAssemblies\Unity.ProBuilder.dll
Symbol file LoadedFromMemory is not a mono symbol file
Symbol file data-00000217F0138C60 doesn't match image C:\Users\marce\Desktop\UndiMeS_git\DB_BuildingGame\Versuch 1\Library\ScriptAssemblies\UnityEditor.UI.dll
Symbol file LoadedFromMemory is not a mono symbol file
Symbol file data-00000217F0138C60 doesn't match image C:\Users\marce\Desktop\UndiMeS_git\DB_BuildingGame\Versuch 1\Library\ScriptAssemblies\Unity.Rider.Editor.dll
Symbol file LoadedFromMemory is not a mono symbol file
Symbol file data-00000217EE568760 doesn't match image C:\Users\marce\Desktop\UndiMeS_git\DB_BuildingGame\Versuch 1\Library\ScriptAssemblies\Unity.RenderPipelines.Core.ShaderLibrary.dll
Symbol file LoadedFromMemory is not a mono symbol file
Symbol file data-00000217F0D82010 doesn't match image C:\Users\marce\Desktop\UndiMeS_git\DB_BuildingGame\Versuch 1\Library\ScriptAssemblies\UnityEngine.UI.dll
Symbol file LoadedFromMemory is not a mono symbol file
Symbol file data-00000217F1E1D020 doesn't match image C:\Users\marce\Desktop\UndiMeS_git\DB_BuildingGame\Versuch 1\Library\ScriptAssemblies\Unity.ProBuilder.Poly2Tri.dll
Symbol file LoadedFromMemory is not a mono symbol file
Symbol file data-00000217F03B0020 doesn't match image C:\Users\marce\Desktop\UndiMeS_git\DB_BuildingGame\Versuch 1\Library\ScriptAssemblies\Unity.Mathematics.dll
Symbol file LoadedFromMemory is not a mono symbol file
Symbol file data-00000217EE719150 doesn't match image C:\Users\marce\Desktop\UndiMeS_git\DB_BuildingGame\Versuch 1\Library\ScriptAssemblies\Unity.ProBuilder.KdTree.dll
Symbol file LoadedFromMemory is not a mono symbol file
Symbol file data-00000217EE97D020 doesn't match image C:\Users\marce\Desktop\UndiMeS_git\DB_BuildingGame\Versuch 1\Library\ScriptAssemblies\Unity.ShaderGraph.Editor.dll
Symbol file LoadedFromMemory is not a mono symbol file
Symbol file data-00000217EE9DAA30 doesn't match image C:\Users\marce\Desktop\UndiMeS_git\DB_BuildingGame\Versuch 1\Library\ScriptAssemblies\Unity.RenderPipelines.Universal.Editor.dll
Symbol file LoadedFromMemory is not a mono symbol file
Symbol file data-00000217F0E136E0 doesn't match image C:\Users\marce\Desktop\UndiMeS_git\DB_BuildingGame\Versuch 1\Library\ScriptAssemblies\Unity.ProBuilder.AssetIdRemapUtility.dll
Symbol file LoadedFromMemory is not a mono symbol file
Symbol file data-00000217EE4BF5B0 doesn't match image C:\Users\marce\Desktop\UndiMeS_git\DB_BuildingGame\Versuch 1\Library\ScriptAssemblies\Unity.ProBuilder.Stl.dll
Symbol file LoadedFromMemory is not a mono symbol file
Symbol file data-00000217F035BE50 doesn't match image C:\Users\marce\Desktop\UndiMeS_git\DB_BuildingGame\Versuch 1\Library\ScriptAssemblies\Unity.RenderPipeline.Universal.ShaderLibrary.dll
Symbol file LoadedFromMemory is not a mono symbol file
Symbol file data-00000217EE569760 doesn't match image C:\Users\marce\Desktop\UndiMeS_git\DB_BuildingGame\Versuch 1\Library\ScriptAssemblies\Unity.RenderPipelines.ShaderGraph.ShaderGraphLibrary.dll
Symbol file LoadedFromMemory is not a mono symbol file
Symbol file data-00000217F0D82010 doesn't match image C:\Users\marce\Desktop\UndiMeS_git\DB_BuildingGame\Versuch 1\Library\ScriptAssemblies\Unity.Timeline.Editor.dll
Symbol file LoadedFromMemory is not a mono symbol file
Symbol file data-00000217EE6A10D0 doesn't match image C:\Users\marce\Desktop\UndiMeS_git\DB_BuildingGame\Versuch 1\Library\ScriptAssemblies\Unity.Mathematics.Editor.dll
Symbol file LoadedFromMemory is not a mono symbol file
Symbol file data-00000217F0D82010 doesn't match image C:\Users\marce\Desktop\UndiMeS_git\DB_BuildingGame\Versuch 1\Library\ScriptAssemblies\Unity.RenderPipelines.Core.Editor.dll
Symbol file LoadedFromMemory is not a mono symbol file
Native extension for WindowsStandalone target not found
Refreshing native plugins compatible for Editor in 77.44 ms, found 0 plugins.
Preloading 0 native plugins for Editor in 0.00 ms.
Invoked RoslynAnalysisRunner static constructor.
RoslynAnalysisRunner will not be running.
RoslynAnalysisRunner has terminated.
Mono: successfully reloaded assembly
- Completed reload, in  1.435 seconds
Platform modules already initialized, skipping
========================================================================
Worker process is ready to serve import requests
Shader 'Universal Render Pipeline/Particles/Lit': fallback shader 'Universal Render Pipeline/Particles/SimpleLit' not found
Launched and connected shader compiler UnityShaderCompiler.exe after 0.07 seconds
Refreshing native plugins compatible for Editor in 0.88 ms, found 0 plugins.
Preloading 0 native plugins for Editor in 0.00 ms.
Unloading 2826 Unused Serialized files (Serialized files now loaded: 0)
System memory in use before: 124.3 MB.
System memory in use after: 124.4 MB.

Unloading 12 unused Assets to reduce memory usage. Loaded Objects now: 3273.
Total: 3.737300 ms (FindLiveObjects: 0.385600 ms CreateObjectMapping: 0.181400 ms MarkObjects: 2.943600 ms  DeleteObjects: 0.224100 ms)

========================================================================
Received Import Request.
  path: Assets/Scenes/Menu.unity
  artifactKey: Guid(7ffe6f34f57c25c439d14755fa0e550d) Importer(815301076,1909f56bfc062723c751e8b465ee728b)
Start importing Assets/Scenes/Menu.unity using Guid(7ffe6f34f57c25c439d14755fa0e550d) Importer(815301076,1909f56bfc062723c751e8b465ee728b)  -> (artifact id: 'fc53f97a83832a91c61b072fff65b121') in 0.017974 seconds
  Import took 0.024583 seconds .

AssetImportWorkerClient::OnTransportError - code=2 error=End of file
